1538323571452	geckodriver	INFO	geckodriver 0.21.0
1538323571460	geckodriver	INFO	Listening on 127.0.0.1:54053
1538323572475	mozrunner::runner	INFO	Running command: "/Applications/Firefox.app/Contents/MacOS/firefox-bin" "-marionette" "-foreground" "-no-remote" "-profile" "/var/folders/l4/497_nqpd2ysgngp9cdr93jg80000gn/T/rust_mozprofile.X4gDfQp47NcH"
1538323572767	addons.manager	DEBUG	Application has been upgraded
1538323572790	addons.manager	DEBUG	Loaded provider scope for resource://gre/modules/addons/XPIProvider.jsm: ["XPIProvider", "XPIInternal"]
1538323572795	addons.manager	DEBUG	Loaded provider scope for resource://gre/modules/LightweightThemeManager.jsm: ["LightweightThemeManager"]
1538323572821	addons.manager	DEBUG	Loaded provider scope for resource://gre/modules/addons/GMPProvider.jsm
1538323572823	addons.manager	DEBUG	Loaded provider scope for resource://gre/modules/addons/PluginProvider.jsm
1538323572823	addons.manager	DEBUG	Starting provider: XPIProvider
1538323572823	addons.xpi	DEBUG	startup
1538323572824	addons.xpi	INFO	SystemAddonLocation directory is missing
1538323572839	addons.xpi	INFO	Removing all system add-on upgrades.
1538323572840	addons.xpi	DEBUG	checkForChanges
1538323572841	addons.xpi	DEBUG	Loaded add-on state: ${}
1538323572842	addons.xpi	DEBUG	New add-on activity-stream@mozilla.org in app-system-defaults
1538323572843	addons.xpi	DEBUG	New add-on aushelper@mozilla.org in app-system-defaults
1538323572844	addons.xpi	DEBUG	New add-on firefox@getpocket.com in app-system-defaults
1538323572846	addons.xpi	DEBUG	New add-on formautofill@mozilla.org in app-system-defaults
1538323572846	addons.xpi	DEBUG	New add-on onboarding@mozilla.org in app-system-defaults
1538323572848	addons.xpi	DEBUG	New add-on screenshots@mozilla.org in app-system-defaults
1538323572849	addons.xpi	DEBUG	New add-on webcompat-reporter@mozilla.org in app-system-defaults
1538323572851	addons.xpi	DEBUG	New add-on webcompat@mozilla.org in app-system-defaults
1538323572852	addons.xpi	DEBUG	scanForChanges changed: true, state: {}
1538323572866	addons.xpi-utils	DEBUG	Error: Synchronously loading the add-ons database (resource://gre/modules/addons/XPIDatabase.jsm:1329:15) JS Stack trace: syncLoadDB@XPIDatabase.jsm:1329:15
checkForChanges@XPIProvider.jsm:2537:9
startup@XPIProvider.jsm:2120:25
callProvider@AddonManager.jsm:206:12
_startProvider@AddonManager.jsm:654:5
startup@AddonManager.jsm:813:9
startup@AddonManager.jsm:2811:5
observe@addonManager.js:66:9
1538323572867	addons.xpi-utils	DEBUG	Starting async load of XPI database /var/folders/l4/497_nqpd2ysgngp9cdr93jg80000gn/T/rust_mozprofile.X4gDfQp47NcH/extensions.json
1538323573144	addons.xpi-utils	DEBUG	New add-on activity-stream@mozilla.org installed in app-system-defaults
*** Blocklist::_preloadBlocklistFile: blocklist is disabled
1538323573206	addons.xpi-utils	DEBUG	New add-on aushelper@mozilla.org installed in app-system-defaults
1538323573214	addons.xpi-utils	DEBUG	New add-on firefox@getpocket.com installed in app-system-defaults
1538323573227	addons.xpi-utils	DEBUG	New add-on formautofill@mozilla.org installed in app-system-defaults
1538323573231	addons.xpi-utils	DEBUG	XPI Database saved, setting schema version preference to 27
1538323573246	addons.xpi-utils	DEBUG	New add-on onboarding@mozilla.org installed in app-system-defaults
1538323573262	addons.xpi-utils	DEBUG	New add-on screenshots@mozilla.org installed in app-system-defaults
1538323573281	addons.xpi-utils	DEBUG	New add-on webcompat-reporter@mozilla.org installed in app-system-defaults
1538323573285	addons.xpi-utils	DEBUG	New add-on webcompat@mozilla.org installed in app-system-defaults
1538323573512	addons.manager	DEBUG	Registering startup change 'installed' for activity-stream@mozilla.org
1538323573518	addons.xpi	DEBUG	Loading bootstrap scope from /Applications/Firefox.app/Contents/Resources/browser/features/activity-stream@mozilla.org.xpi
1538323573519	addons.xpi	DEBUG	Calling bootstrap method install on activity-stream@mozilla.org version 2018.08.22.1219-93becf29
1538323573519	addons.xpi-utils	DEBUG	Make addon app-system-defaults:activity-stream@mozilla.org visible
1538323573520	addons.xpi	DEBUG	Updating XPIState for {"id":"activity-stream@mozilla.org","syncGUID":"{3f176b56-2016-3140-b841-4ac4a38ccb10}","version":"2018.08.22.1219-93becf29","type":"extension","defaultLocale":{"name":"Activity Stream","description":"A rich visual history feed and a reimagined home page make it easier than ever to find exactly what you're looking for in Firefox."},"visible":true,"active":false,"userDisabled":false,"appDisabled":false,"installDate":1538274561000,"updateDate":1538274561000,"applyBackgroundUpdates":1,"path":"/Applications/Firefox.app/Contents/Resources/browser/features/activity-stream@mozilla.org.xpi","skinnable":false,"sourceURI":null,"releaseNotesURI":null,"softDisabled":false,"foreignInstall":false,"strictCompatibility":false,"locales":[],"targetApplications":[{"id":"{ec8030f7-c20a-464f-9b0e-13a3a9e97384}","minVersion":"62.0.2","maxVersion":"62.*"}],"targetPlatforms":[],"seen":true,"dependencies":[],"hasEmbeddedWebExtension":false,"userPermissions":null,"icons":{},"blocklistState":0,"blocklistURL":null,"startupData":null,"location":"app-system-defaults"}
1538323573520	addons.manager	DEBUG	Registering startup change 'installed' for aushelper@mozilla.org
1538323573520	addons.xpi	DEBUG	Loading bootstrap scope from /Applications/Firefox.app/Contents/Resources/browser/features/aushelper@mozilla.org.xpi
1538323573521	addons.xpi	DEBUG	Calling bootstrap method install on aushelper@mozilla.org version 2.0
1538323573522	addons.xpi-utils	DEBUG	Make addon app-system-defaults:aushelper@mozilla.org visible
1538323573522	addons.xpi	DEBUG	Updating XPIState for {"id":"aushelper@mozilla.org","syncGUID":"{83d11b9d-93c2-1946-a294-2bcfa2318403}","version":"2.0","type":"extension","defaultLocale":{"name":"Application Update Service Helper","description":"Sets value(s) in the update url based on custom checks."},"visible":true,"active":false,"userDisabled":false,"appDisabled":false,"installDate":1538274561000,"updateDate":1538274561000,"applyBackgroundUpdates":1,"path":"/Applications/Firefox.app/Contents/Resources/browser/features/aushelper@mozilla.org.xpi","skinnable":false,"sourceURI":null,"releaseNotesURI":null,"softDisabled":false,"foreignInstall":false,"strictCompatibility":false,"locales":[],"targetApplications":[{"id":"{ec8030f7-c20a-464f-9b0e-13a3a9e97384}","minVersion":"62.0.2","maxVersion":"62.*"}],"targetPlatforms":[],"seen":true,"dependencies":[],"hasEmbeddedWebExtension":false,"userPermissions":null,"icons":{},"blocklistState":0,"blocklistURL":null,"startupData":null,"location":"app-system-defaults"}
1538323573522	addons.manager	DEBUG	Registering startup change 'installed' for firefox@getpocket.com
1538323573522	addons.xpi	DEBUG	Loading bootstrap scope from /Applications/Firefox.app/Contents/Resources/browser/features/firefox@getpocket.com.xpi
1538323573527	addons.xpi	DEBUG	Calling bootstrap method install on firefox@getpocket.com version 1.0.5
1538323573527	addons.xpi-utils	DEBUG	Make addon app-system-defaults:firefox@getpocket.com visible
1538323573527	addons.xpi	DEBUG	Updating XPIState for {"id":"firefox@getpocket.com","syncGUID":"{37fdcb54-9a42-be4e-84cf-37c500b9fd06}","version":"1.0.5","type":"extension","defaultLocale":{"name":"Pocket","description":"When you find something you want to view later, put it in Pocket."},"visible":true,"active":false,"userDisabled":false,"appDisabled":false,"installDate":1538274561000,"updateDate":1538274561000,"applyBackgroundUpdates":1,"path":"/Applications/Firefox.app/Contents/Resources/browser/features/firefox@getpocket.com.xpi","skinnable":false,"sourceURI":null,"releaseNotesURI":null,"softDisabled":false,"foreignInstall":false,"strictCompatibility":false,"locales":[],"targetApplications":[{"id":"{ec8030f7-c20a-464f-9b0e-13a3a9e97384}","minVersion":"62.0.2","maxVersion":"62.*"}],"targetPlatforms":[],"seen":true,"dependencies":[],"hasEmbeddedWebExtension":false,"userPermissions":null,"icons":{},"blocklistState":0,"blocklistURL":null,"startupData":null,"location":"app-system-defaults"}
1538323573527	addons.manager	DEBUG	Registering startup change 'installed' for formautofill@mozilla.org
1538323573528	addons.xpi	DEBUG	Loading bootstrap scope from /Applications/Firefox.app/Contents/Resources/browser/features/formautofill@mozilla.org.xpi
1538323573529	addons.xpi	DEBUG	Calling bootstrap method install on formautofill@mozilla.org version 1.0
1538323573529	addons.xpi-utils	DEBUG	Make addon app-system-defaults:formautofill@mozilla.org visible
1538323573529	addons.xpi	DEBUG	Updating XPIState for {"id":"formautofill@mozilla.org","syncGUID":"{b4c1725e-f047-7044-af71-92c434773ce9}","version":"1.0","type":"extension","defaultLocale":{"name":"Form Autofill","description":"Autofill forms with saved profiles"},"visible":true,"active":false,"userDisabled":false,"appDisabled":false,"installDate":1538274561000,"updateDate":1538274561000,"applyBackgroundUpdates":1,"path":"/Applications/Firefox.app/Contents/Resources/browser/features/formautofill@mozilla.org.xpi","skinnable":false,"sourceURI":null,"releaseNotesURI":null,"softDisabled":false,"foreignInstall":false,"strictCompatibility":false,"locales":[],"targetApplications":[{"id":"{ec8030f7-c20a-464f-9b0e-13a3a9e97384}","minVersion":"62.0.2","maxVersion":"62.*"}],"targetPlatforms":[],"seen":true,"dependencies":[],"hasEmbeddedWebExtension":false,"userPermissions":null,"icons":{},"blocklistState":0,"blocklistURL":null,"startupData":null,"location":"app-system-defaults"}
1538323573530	addons.manager	DEBUG	Registering startup change 'installed' for onboarding@mozilla.org
1538323573530	addons.xpi	DEBUG	Loading bootstrap scope from /Applications/Firefox.app/Contents/Resources/browser/features/onboarding@mozilla.org.xpi
1538323573532	addons.xpi	DEBUG	Calling bootstrap method install on onboarding@mozilla.org version 1.0
1538323573532	addons.xpi-utils	DEBUG	Make addon app-system-defaults:onboarding@mozilla.org visible
1538323573532	addons.xpi	DEBUG	Updating XPIState for {"id":"onboarding@mozilla.org","syncGUID":"{30fd1583-89d8-394d-9342-baf95be04a11}","version":"1.0","type":"extension","defaultLocale":{"name":"Photon onboarding","description":"Photon onboarding"},"visible":true,"active":false,"userDisabled":false,"appDisabled":false,"installDate":1538274561000,"updateDate":1538274561000,"applyBackgroundUpdates":1,"path":"/Applications/Firefox.app/Contents/Resources/browser/features/onboarding@mozilla.org.xpi","skinnable":false,"sourceURI":null,"releaseNotesURI":null,"softDisabled":false,"foreignInstall":false,"strictCompatibility":false,"locales":[],"targetApplications":[{"id":"{ec8030f7-c20a-464f-9b0e-13a3a9e97384}","minVersion":"62.0.2","maxVersion":"62.*"}],"targetPlatforms":[],"seen":true,"dependencies":[],"hasEmbeddedWebExtension":false,"userPermissions":null,"icons":{},"blocklistState":0,"blocklistURL":null,"startupData":null,"location":"app-system-defaults"}
1538323573532	addons.manager	DEBUG	Registering startup change 'installed' for screenshots@mozilla.org
1538323573532	addons.xpi	DEBUG	Loading bootstrap scope from /Applications/Firefox.app/Contents/Resources/browser/features/screenshots@mozilla.org.xpi
1538323573534	addons.xpi	DEBUG	Calling bootstrap method install on screenshots@mozilla.org version 33.0.0
1538323573534	addons.xpi-utils	DEBUG	Make addon app-system-defaults:screenshots@mozilla.org visible
1538323573534	addons.xpi	DEBUG	Updating XPIState for {"id":"screenshots@mozilla.org","syncGUID":"{68e76dc8-6c41-cf41-a3d6-6fb2f08709ea}","version":"33.0.0","type":"extension","defaultLocale":{"name":"Firefox Screenshots","homepageURL":"https://screenshots.firefox.com/"},"visible":true,"active":false,"userDisabled":false,"appDisabled":false,"installDate":1535648403000,"updateDate":1535648403000,"applyBackgroundUpdates":1,"path":"/Applications/Firefox.app/Contents/Resources/browser/features/screenshots@mozilla.org.xpi","skinnable":false,"sourceURI":null,"releaseNotesURI":null,"softDisabled":false,"foreignInstall":false,"strictCompatibility":false,"locales":[],"targetApplications":[{"id":"{ec8030f7-c20a-464f-9b0e-13a3a9e97384}","minVersion":"57.0a1","maxVersion":"*"}],"targetPlatforms":[],"seen":true,"dependencies":[],"hasEmbeddedWebExtension":false,"userPermissions":null,"icons":{},"blocklistState":0,"blocklistURL":null,"startupData":null,"location":"app-system-defaults"}
1538323573535	addons.manager	DEBUG	Registering startup change 'installed' for webcompat-reporter@mozilla.org
1538323573535	addons.xpi	DEBUG	Loading bootstrap scope from /Applications/Firefox.app/Contents/Resources/browser/features/webcompat-reporter@mozilla.org.xpi
1538323573536	addons.xpi	DEBUG	Calling bootstrap method install on webcompat-reporter@mozilla.org version 1.0.0
1538323573536	addons.xpi-utils	DEBUG	Make addon app-system-defaults:webcompat-reporter@mozilla.org visible
1538323573536	addons.xpi	DEBUG	Updating XPIState for {"id":"webcompat-reporter@mozilla.org","syncGUID":"{77b833d9-10a6-5c4f-9cbc-b2de9b377993}","version":"1.0.0","type":"extension","defaultLocale":{"name":"WebCompat Reporter","description":"Report site compatibility issues on webcompat.com."},"visible":true,"active":false,"userDisabled":false,"appDisabled":false,"installDate":1538274561000,"updateDate":1538274561000,"applyBackgroundUpdates":1,"path":"/Applications/Firefox.app/Contents/Resources/browser/features/webcompat-reporter@mozilla.org.xpi","skinnable":false,"sourceURI":null,"releaseNotesURI":null,"softDisabled":false,"foreignInstall":false,"strictCompatibility":false,"locales":[],"targetApplications":[{"id":"{ec8030f7-c20a-464f-9b0e-13a3a9e97384}","minVersion":"62.0.2","maxVersion":"62.*"}],"targetPlatforms":[],"seen":true,"dependencies":[],"hasEmbeddedWebExtension":false,"userPermissions":null,"icons":{},"blocklistState":0,"blocklistURL":null,"startupData":null,"location":"app-system-defaults"}
1538323573536	addons.manager	DEBUG	Registering startup change 'installed' for webcompat@mozilla.org
1538323573536	addons.xpi	DEBUG	Loading bootstrap scope from /Applications/Firefox.app/Contents/Resources/browser/features/webcompat@mozilla.org.xpi
1538323573537	addons.xpi	DEBUG	Calling bootstrap method install on webcompat@mozilla.org version 2.0
1538323573537	addons.xpi-utils	DEBUG	Make addon app-system-defaults:webcompat@mozilla.org visible
1538323573538	addons.xpi	DEBUG	Updating XPIState for {"id":"webcompat@mozilla.org","syncGUID":"{4d36c0fc-ad6a-034a-a46b-13cc701e924e}","version":"2.0","type":"extension","defaultLocale":{"name":"Web Compat","description":"Urgent post-release fixes for web compatibility."},"visible":true,"active":false,"userDisabled":false,"appDisabled":false,"installDate":1538274561000,"updateDate":1538274561000,"applyBackgroundUpdates":1,"path":"/Applications/Firefox.app/Contents/Resources/browser/features/webcompat@mozilla.org.xpi","skinnable":false,"sourceURI":null,"releaseNotesURI":null,"softDisabled":false,"foreignInstall":false,"strictCompatibility":false,"locales":[],"targetApplications":[{"id":"{ec8030f7-c20a-464f-9b0e-13a3a9e97384}","minVersion":"62.0.2","maxVersion":"62.*"},{"id":"{aa3c5121-dab2-40e2-81ca-7ea25febc110}","minVersion":"62.0.2","maxVersion":"62.*"}],"targetPlatforms":[],"seen":true,"dependencies":[],"hasEmbeddedWebExtension":true,"userPermissions":null,"icons":{},"blocklistState":0,"blocklistURL":null,"startupData":null,"location":"app-system-defaults"}
1538323573538	addons.xpi	DEBUG	Updating XPIState for {"id":"activity-stream@mozilla.org","syncGUID":"{3f176b56-2016-3140-b841-4ac4a38ccb10}","version":"2018.08.22.1219-93becf29","type":"extension","defaultLocale":{"name":"Activity Stream","description":"A rich visual history feed and a reimagined home page make it easier than ever to find exactly what you're looking for in Firefox."},"visible":true,"active":true,"userDisabled":false,"appDisabled":false,"installDate":1538274561000,"updateDate":1538274561000,"applyBackgroundUpdates":1,"path":"/Applications/Firefox.app/Contents/Resources/browser/features/activity-stream@mozilla.org.xpi","skinnable":false,"sourceURI":null,"releaseNotesURI":null,"softDisabled":false,"foreignInstall":false,"strictCompatibility":false,"locales":[],"targetApplications":[{"id":"{ec8030f7-c20a-464f-9b0e-13a3a9e97384}","minVersion":"62.0.2","maxVersion":"62.*"}],"targetPlatforms":[],"seen":true,"dependencies":[],"hasEmbeddedWebExtension":false,"userPermissions":null,"icons":{},"blocklistState":0,"blocklistURL":null,"startupData":null,"location":"app-system-defaults"}
1538323573538	addons.xpi	DEBUG	Updating XPIState for {"id":"aushelper@mozilla.org","syncGUID":"{83d11b9d-93c2-1946-a294-2bcfa2318403}","version":"2.0","type":"extension","defaultLocale":{"name":"Application Update Service Helper","description":"Sets value(s) in the update url based on custom checks."},"visible":true,"active":true,"userDisabled":false,"appDisabled":false,"installDate":1538274561000,"updateDate":1538274561000,"applyBackgroundUpdates":1,"path":"/Applications/Firefox.app/Contents/Resources/browser/features/aushelper@mozilla.org.xpi","skinnable":false,"sourceURI":null,"releaseNotesURI":null,"softDisabled":false,"foreignInstall":false,"strictCompatibility":false,"locales":[],"targetApplications":[{"id":"{ec8030f7-c20a-464f-9b0e-13a3a9e97384}","minVersion":"62.0.2","maxVersion":"62.*"}],"targetPlatforms":[],"seen":true,"dependencies":[],"hasEmbeddedWebExtension":false,"userPermissions":null,"icons":{},"blocklistState":0,"blocklistURL":null,"startupData":null,"location":"app-system-defaults"}
1538323573539	addons.xpi	DEBUG	Updating XPIState for {"id":"firefox@getpocket.com","syncGUID":"{37fdcb54-9a42-be4e-84cf-37c500b9fd06}","version":"1.0.5","type":"extension","defaultLocale":{"name":"Pocket","description":"When you find something you want to view later, put it in Pocket."},"visible":true,"active":true,"userDisabled":false,"appDisabled":false,"installDate":1538274561000,"updateDate":1538274561000,"applyBackgroundUpdates":1,"path":"/Applications/Firefox.app/Contents/Resources/browser/features/firefox@getpocket.com.xpi","skinnable":false,"sourceURI":null,"releaseNotesURI":null,"softDisabled":false,"foreignInstall":false,"strictCompatibility":false,"locales":[],"targetApplications":[{"id":"{ec8030f7-c20a-464f-9b0e-13a3a9e97384}","minVersion":"62.0.2","maxVersion":"62.*"}],"targetPlatforms":[],"seen":true,"dependencies":[],"hasEmbeddedWebExtension":false,"userPermissions":null,"icons":{},"blocklistState":0,"blocklistURL":null,"startupData":null,"location":"app-system-defaults"}
1538323573539	addons.xpi	DEBUG	Updating XPIState for {"id":"formautofill@mozilla.org","syncGUID":"{b4c1725e-f047-7044-af71-92c434773ce9}","version":"1.0","type":"extension","defaultLocale":{"name":"Form Autofill","description":"Autofill forms with saved profiles"},"visible":true,"active":true,"userDisabled":false,"appDisabled":false,"installDate":1538274561000,"updateDate":1538274561000,"applyBackgroundUpdates":1,"path":"/Applications/Firefox.app/Contents/Resources/browser/features/formautofill@mozilla.org.xpi","skinnable":false,"sourceURI":null,"releaseNotesURI":null,"softDisabled":false,"foreignInstall":false,"strictCompatibility":false,"locales":[],"targetApplications":[{"id":"{ec8030f7-c20a-464f-9b0e-13a3a9e97384}","minVersion":"62.0.2","maxVersion":"62.*"}],"targetPlatforms":[],"seen":true,"dependencies":[],"hasEmbeddedWebExtension":false,"userPermissions":null,"icons":{},"blocklistState":0,"blocklistURL":null,"startupData":null,"location":"app-system-defaults"}
1538323573539	addons.xpi	DEBUG	Updating XPIState for {"id":"onboarding@mozilla.org","syncGUID":"{30fd1583-89d8-394d-9342-baf95be04a11}","version":"1.0","type":"extension","defaultLocale":{"name":"Photon onboarding","description":"Photon onboarding"},"visible":true,"active":true,"userDisabled":false,"appDisabled":false,"installDate":1538274561000,"updateDate":1538274561000,"applyBackgroundUpdates":1,"path":"/Applications/Firefox.app/Contents/Resources/browser/features/onboarding@mozilla.org.xpi","skinnable":false,"sourceURI":null,"releaseNotesURI":null,"softDisabled":false,"foreignInstall":false,"strictCompatibility":false,"locales":[],"targetApplications":[{"id":"{ec8030f7-c20a-464f-9b0e-13a3a9e97384}","minVersion":"62.0.2","maxVersion":"62.*"}],"targetPlatforms":[],"seen":true,"dependencies":[],"hasEmbeddedWebExtension":false,"userPermissions":null,"icons":{},"blocklistState":0,"blocklistURL":null,"startupData":null,"location":"app-system-defaults"}
1538323573539	addons.xpi	DEBUG	Updating XPIState for {"id":"screenshots@mozilla.org","syncGUID":"{68e76dc8-6c41-cf41-a3d6-6fb2f08709ea}","version":"33.0.0","type":"extension","defaultLocale":{"name":"Firefox Screenshots","homepageURL":"https://screenshots.firefox.com/"},"visible":true,"active":true,"userDisabled":false,"appDisabled":false,"installDate":1535648403000,"updateDate":1535648403000,"applyBackgroundUpdates":1,"path":"/Applications/Firefox.app/Contents/Resources/browser/features/screenshots@mozilla.org.xpi","skinnable":false,"sourceURI":null,"releaseNotesURI":null,"softDisabled":false,"foreignInstall":false,"strictCompatibility":false,"locales":[],"targetApplications":[{"id":"{ec8030f7-c20a-464f-9b0e-13a3a9e97384}","minVersion":"57.0a1","maxVersion":"*"}],"targetPlatforms":[],"seen":true,"dependencies":[],"hasEmbeddedWebExtension":false,"userPermissions":null,"icons":{},"blocklistState":0,"blocklistURL":null,"startupData":null,"location":"app-system-defaults"}
1538323573539	addons.xpi	DEBUG	Updating XPIState for {"id":"webcompat-reporter@mozilla.org","syncGUID":"{77b833d9-10a6-5c4f-9cbc-b2de9b377993}","version":"1.0.0","type":"extension","defaultLocale":{"name":"WebCompat Reporter","description":"Report site compatibility issues on webcompat.com."},"visible":true,"active":true,"userDisabled":false,"appDisabled":false,"installDate":1538274561000,"updateDate":1538274561000,"applyBackgroundUpdates":1,"path":"/Applications/Firefox.app/Contents/Resources/browser/features/webcompat-reporter@mozilla.org.xpi","skinnable":false,"sourceURI":null,"releaseNotesURI":null,"softDisabled":false,"foreignInstall":false,"strictCompatibility":false,"locales":[],"targetApplications":[{"id":"{ec8030f7-c20a-464f-9b0e-13a3a9e97384}","minVersion":"62.0.2","maxVersion":"62.*"}],"targetPlatforms":[],"seen":true,"dependencies":[],"hasEmbeddedWebExtension":false,"userPermissions":null,"icons":{},"blocklistState":0,"blocklistURL":null,"startupData":null,"location":"app-system-defaults"}
1538323573539	addons.xpi	DEBUG	Updating XPIState for {"id":"webcompat@mozilla.org","syncGUID":"{4d36c0fc-ad6a-034a-a46b-13cc701e924e}","version":"2.0","type":"extension","defaultLocale":{"name":"Web Compat","description":"Urgent post-release fixes for web compatibility."},"visible":true,"active":true,"userDisabled":false,"appDisabled":false,"installDate":1538274561000,"updateDate":1538274561000,"applyBackgroundUpdates":1,"path":"/Applications/Firefox.app/Contents/Resources/browser/features/webcompat@mozilla.org.xpi","skinnable":false,"sourceURI":null,"releaseNotesURI":null,"softDisabled":false,"foreignInstall":false,"strictCompatibility":false,"locales":[],"targetApplications":[{"id":"{ec8030f7-c20a-464f-9b0e-13a3a9e97384}","minVersion":"62.0.2","maxVersion":"62.*"},{"id":"{aa3c5121-dab2-40e2-81ca-7ea25febc110}","minVersion":"62.0.2","maxVersion":"62.*"}],"targetPlatforms":[],"seen":true,"dependencies":[],"hasEmbeddedWebExtension":true,"userPermissions":null,"icons":{},"blocklistState":0,"blocklistURL":null,"startupData":null,"location":"app-system-defaults"}
1538323573540	addons.xpi-utils	DEBUG	Updating add-on states
1538323573543	addons.xpi	DEBUG	Registering manifest for /Applications/Firefox.app/Contents/Resources/browser/features/activity-stream@mozilla.org.xpi
1538323573543	addons.xpi	DEBUG	Calling bootstrap method startup on activity-stream@mozilla.org version 2018.08.22.1219-93becf29
1538323573544	addons.xpi	DEBUG	Registering manifest for /Applications/Firefox.app/Contents/Resources/browser/features/aushelper@mozilla.org.xpi
1538323573545	addons.xpi	DEBUG	Calling bootstrap method startup on aushelper@mozilla.org version 2.0
1538323573545	addons.xpi	DEBUG	Registering manifest for /Applications/Firefox.app/Contents/Resources/browser/features/firefox@getpocket.com.xpi
1538323573545	addons.xpi	DEBUG	Calling bootstrap method startup on firefox@getpocket.com version 1.0.5
1538323573551	addons.xpi	DEBUG	Registering manifest for /Applications/Firefox.app/Contents/Resources/browser/features/formautofill@mozilla.org.xpi
1538323573552	addons.xpi	DEBUG	Calling bootstrap method startup on formautofill@mozilla.org version 1.0
1538323573552	addons.xpi	DEBUG	Registering manifest for /Applications/Firefox.app/Contents/Resources/browser/features/onboarding@mozilla.org.xpi
1538323573553	addons.xpi	DEBUG	Calling bootstrap method startup on onboarding@mozilla.org version 1.0
1538323573553	addons.xpi	DEBUG	Registering manifest for /Applications/Firefox.app/Contents/Resources/browser/features/screenshots@mozilla.org.xpi
1538323573553	addons.xpi	DEBUG	Calling bootstrap method startup on screenshots@mozilla.org version 33.0.0
1538323573553	addons.xpi	DEBUG	Registering manifest for /Applications/Firefox.app/Contents/Resources/browser/features/webcompat-reporter@mozilla.org.xpi
1538323573554	addons.xpi	DEBUG	Calling bootstrap method startup on webcompat-reporter@mozilla.org version 1.0.0
1538323573554	addons.xpi	DEBUG	Registering manifest for /Applications/Firefox.app/Contents/Resources/browser/features/webcompat@mozilla.org.xpi
1538323573555	addons.xpi	DEBUG	Calling bootstrap method startup on webcompat@mozilla.org version 2.0
1538323573557	addons.manager	DEBUG	Registering shutdown blocker for XPIProvider
1538323573557	addons.manager	DEBUG	Provider finished startup: XPIProvider
1538323573557	addons.manager	DEBUG	Starting provider: LightweightThemeManager
1538323573557	addons.manager	DEBUG	Registering shutdown blocker for LightweightThemeManager
1538323573558	addons.manager	DEBUG	Provider finished startup: LightweightThemeManager
1538323573558	addons.manager	DEBUG	Starting provider: GMPProvider
1538323573560	addons.manager	DEBUG	Registering shutdown blocker for GMPProvider
1538323573560	addons.manager	DEBUG	Provider finished startup: GMPProvider
1538323573560	addons.manager	DEBUG	Starting provider: PluginProvider
1538323573560	addons.manager	DEBUG	Registering shutdown blocker for PluginProvider
1538323573560	addons.manager	DEBUG	Provider finished startup: PluginProvider
1538323573563	addons.manager	DEBUG	Completed startup sequence
1538323573911	addons.repository	DEBUG	No addons.json found.
2018-09-30 23:06:14.363 plugin-container[8204:10263003] *** CFMessagePort: bootstrap_register(): failed 1100 (0x44c) 'Permission denied', port = 0x9533, name = 'com.apple.tsm.portname'
See /usr/include/servers/bootstrap_defs.h for the error codes.
2018-09-30 23:06:14.363 plugin-container[8204:10263003] CFPasteboardRef CFPasteboardCreate(CFAllocatorRef, CFStringRef) : failed to create global data
2018-09-30 23:06:14.364 plugin-container[8204:10263003] CFPasteboardRef CFPasteboardCreate(CFAllocatorRef, CFStringRef) : failed to create global data
2018-09-30 23:06:14.364 plugin-container[8204:10263003] CFPasteboardRef CFPasteboardCreate(CFAllocatorRef, CFStringRef) : failed to create global data
2018-09-30 23:06:14.365 plugin-container[8204:10263003] CFPasteboardRef CFPasteboardCreate(CFAllocatorRef, CFStringRef) : failed to create global data
2018-09-30 23:06:14.366 plugin-container[8204:10263003] CFPasteboardRef CFPasteboardCreate(CFAllocatorRef, CFStringRef) : failed to create global data
2018-09-30 23:06:14.366 plugin-container[8204:10263003] CFPasteboardRef CFPasteboardCreate(CFAllocatorRef, CFStringRef) : failed to create global data
2018-09-30 23:06:14.366 plugin-container[8204:10263003] CFPasteboardRef CFPasteboardCreate(CFAllocatorRef, CFStringRef) : failed to create global data
2018-09-30 23:06:14.366 plugin-container[8204:10263003] CFPasteboardRef CFPasteboardCreate(CFAllocatorRef, CFStringRef) : failed to create global data
2018-09-30 23:06:14.367 plugin-container[8204:10263003] CFPasteboardRef CFPasteboardCreate(CFAllocatorRef, CFStringRef) : failed to create global data
2018-09-30 23:06:14.367 plugin-container[8204:10263003] CFPasteboardRef CFPasteboardCreate(CFAllocatorRef, CFStringRef) : failed to create global data
2018-09-30 23:06:14.367 plugin-container[8204:10263003] CFPasteboardRef CFPasteboardCreate(CFAllocatorRef, CFStringRef) : failed to create global data
2018-09-30 23:06:14.367 plugin-container[8204:10263003] CFPasteboardRef CFPasteboardCreate(CFAllocatorRef, CFStringRef) : failed to create global data
2018-09-30 23:06:14.367 plugin-container[8204:10263003] CFPasteboardRef CFPasteboardCreate(CFAllocatorRef, CFStringRef) : failed to create global data
2018-09-30 23:06:14.368 plugin-container[8204:10263003] CFPasteboardRef CFPasteboardCreate(CFAllocatorRef, CFStringRef) : failed to create global data
2018-09-30 23:06:14.368 plugin-container[8204:10263003] CFPasteboardRef CFPasteboardCreate(CFAllocatorRef, CFStringRef) : failed to create global data
2018-09-30 23:06:14.368 plugin-container[8204:10263003] CFPasteboardRef CFPasteboardCreate(CFAllocatorRef, CFStringRef) : failed to create global data
2018-09-30 23:06:14.368 plugin-container[8204:10263003] CFPasteboardRef CFPasteboardCreate(CFAllocatorRef, CFStringRef) : failed to create global data
2018-09-30 23:06:14.368 plugin-container[8204:10263003] CFPasteboardRef CFPasteboardCreate(CFAllocatorRef, CFStringRef) : failed to create global data
2018-09-30 23:06:14.369 plugin-container[8204:10263003] CFPasteboardRef CFPasteboardCreate(CFAllocatorRef, CFStringRef) : failed to create global data
2018-09-30 23:06:14.373 plugin-container[8204:10263003] CFPasteboardRef CFPasteboardCreate(CFAllocatorRef, CFStringRef) : failed to create global data
2018-09-30 23:06:14.706 plugin-container[8205:10263031] *** CFMessagePort: bootstrap_register(): failed 1100 (0x44c) 'Permission denied', port = 0x9257, name = 'com.apple.tsm.portname'
See /usr/include/servers/bootstrap_defs.h for the error codes.
2018-09-30 23:06:14.708 plugin-container[8205:10263031] CFPasteboardRef CFPasteboardCreate(CFAllocatorRef, CFStringRef) : failed to create global data
2018-09-30 23:06:14.708 plugin-container[8205:10263031] CFPasteboardRef CFPasteboardCreate(CFAllocatorRef, CFStringRef) : failed to create global data
2018-09-30 23:06:14.709 plugin-container[8205:10263031] CFPasteboardRef CFPasteboardCreate(CFAllocatorRef, CFStringRef) : failed to create global data
2018-09-30 23:06:14.709 plugin-container[8205:10263031] CFPasteboardRef CFPasteboardCreate(CFAllocatorRef, CFStringRef) : failed to create global data
2018-09-30 23:06:14.710 plugin-container[8205:10263031] CFPasteboardRef CFPasteboardCreate(CFAllocatorRef, CFStringRef) : failed to create global data
2018-09-30 23:06:14.711 plugin-container[8205:10263031] CFPasteboardRef CFPasteboardCreate(CFAllocatorRef, CFStringRef) : failed to create global data
2018-09-30 23:06:14.712 plugin-container[8205:10263031] CFPasteboardRef CFPasteboardCreate(CFAllocatorRef, CFStringRef) : failed to create global data
2018-09-30 23:06:14.712 plugin-container[8205:10263031] CFPasteboardRef CFPasteboardCreate(CFAllocatorRef, CFStringRef) : failed to create global data
2018-09-30 23:06:14.712 plugin-container[8205:10263031] CFPasteboardRef CFPasteboardCreate(CFAllocatorRef, CFStringRef) : failed to create global data
2018-09-30 23:06:14.712 plugin-container[8205:10263031] CFPasteboardRef CFPasteboardCreate(CFAllocatorRef, CFStringRef) : failed to create global data
2018-09-30 23:06:14.713 plugin-container[8205:10263031] CFPasteboardRef CFPasteboardCreate(CFAllocatorRef, CFStringRef) : failed to create global data
2018-09-30 23:06:14.714 plugin-container[8205:10263031] CFPasteboardRef CFPasteboardCreate(CFAllocatorRef, CFStringRef) : failed to create global data
2018-09-30 23:06:14.716 plugin-container[8205:10263031] CFPasteboardRef CFPasteboardCreate(CFAllocatorRef, CFStringRef) : failed to create global data
2018-09-30 23:06:14.720 plugin-container[8205:10263031] CFPasteboardRef CFPasteboardCreate(CFAllocatorRef, CFStringRef) : failed to create global data
2018-09-30 23:06:14.723 plugin-container[8205:10263031] CFPasteboardRef CFPasteboardCreate(CFAllocatorRef, CFStringRef) : failed to create global data
2018-09-30 23:06:14.724 plugin-container[8205:10263031] CFPasteboardRef CFPasteboardCreate(CFAllocatorRef, CFStringRef) : failed to create global data
2018-09-30 23:06:14.726 plugin-container[8205:10263031] CFPasteboardRef CFPasteboardCreate(CFAllocatorRef, CFStringRef) : failed to create global data
2018-09-30 23:06:14.729 plugin-container[8205:10263031] CFPasteboardRef CFPasteboardCreate(CFAllocatorRef, CFStringRef) : failed to create global data
2018-09-30 23:06:14.731 plugin-container[8205:10263031] CFPasteboardRef CFPasteboardCreate(CFAllocatorRef, CFStringRef) : failed to create global data
2018-09-30 23:06:14.741 plugin-container[8205:10263031] CFPasteboardRef CFPasteboardCreate(CFAllocatorRef, CFStringRef) : failed to create global data
1538323574955	addons.xpi	DEBUG	Existing add-on activity-stream@mozilla.org in app-system-defaults
1538323574955	addons.xpi	DEBUG	Existing add-on aushelper@mozilla.org in app-system-defaults
1538323574955	addons.xpi	DEBUG	Existing add-on firefox@getpocket.com in app-system-defaults
1538323574956	addons.xpi	DEBUG	Existing add-on formautofill@mozilla.org in app-system-defaults
1538323574956	addons.xpi	DEBUG	Existing add-on onboarding@mozilla.org in app-system-defaults
1538323574956	addons.xpi	DEBUG	Existing add-on screenshots@mozilla.org in app-system-defaults
1538323574956	addons.xpi	DEBUG	Existing add-on webcompat-reporter@mozilla.org in app-system-defaults
1538323574956	addons.xpi	DEBUG	Existing add-on webcompat@mozilla.org in app-system-defaults
1538323574956	addons.xpi	DEBUG	scanForChanges changed: false, state: {}
1538323575181	Marionette	INFO	Listening on port 54128
1538323575267	Marionette	WARN	TLS certificate errors will be ignored for this session
1538323575315	Marionette	DEBUG	[4294967297] Frame script loaded
1538323575317	Marionette	DEBUG	[4294967297] Frame script registered
1538323575414	Marionette	DEBUG	[4294967297] Received DOM event beforeunload for about:blank
2018-09-30 23:06:15.743 plugin-container[8206:10263159] *** CFMessagePort: bootstrap_register(): failed 1100 (0x44c) 'Permission denied', port = 0x924b, name = 'com.apple.tsm.portname'
See /usr/include/servers/bootstrap_defs.h for the error codes.
2018-09-30 23:06:15.743 plugin-container[8206:10263159] CFPasteboardRef CFPasteboardCreate(CFAllocatorRef, CFStringRef) : failed to create global data
2018-09-30 23:06:15.744 plugin-container[8206:10263159] CFPasteboardRef CFPasteboardCreate(CFAllocatorRef, CFStringRef) : failed to create global data
2018-09-30 23:06:15.744 plugin-container[8206:10263159] CFPasteboardRef CFPasteboardCreate(CFAllocatorRef, CFStringRef) : failed to create global data
2018-09-30 23:06:15.745 plugin-container[8206:10263159] CFPasteboardRef CFPasteboardCreate(CFAllocatorRef, CFStringRef) : failed to create global data
2018-09-30 23:06:15.746 plugin-container[8206:10263159] CFPasteboardRef CFPasteboardCreate(CFAllocatorRef, CFStringRef) : failed to create global data
2018-09-30 23:06:15.746 plugin-container[8206:10263159] CFPasteboardRef CFPasteboardCreate(CFAllocatorRef, CFStringRef) : failed to create global data
2018-09-30 23:06:15.747 plugin-container[8206:10263159] CFPasteboardRef CFPasteboardCreate(CFAllocatorRef, CFStringRef) : failed to create global data
2018-09-30 23:06:15.747 plugin-container[8206:10263159] CFPasteboardRef CFPasteboardCreate(CFAllocatorRef, CFStringRef) : failed to create global data
2018-09-30 23:06:15.747 plugin-container[8206:10263159] CFPasteboardRef CFPasteboardCreate(CFAllocatorRef, CFStringRef) : failed to create global data
2018-09-30 23:06:15.747 plugin-container[8206:10263159] CFPasteboardRef CFPasteboardCreate(CFAllocatorRef, CFStringRef) : failed to create global data
2018-09-30 23:06:15.748 plugin-container[8206:10263159] CFPasteboardRef CFPasteboardCreate(CFAllocatorRef, CFStringRef) : failed to create global data
2018-09-30 23:06:15.748 plugin-container[8206:10263159] CFPasteboardRef CFPasteboardCreate(CFAllocatorRef, CFStringRef) : failed to create global data
2018-09-30 23:06:15.748 plugin-container[8206:10263159] CFPasteboardRef CFPasteboardCreate(CFAllocatorRef, CFStringRef) : failed to create global data
2018-09-30 23:06:15.749 plugin-container[8206:10263159] CFPasteboardRef CFPasteboardCreate(CFAllocatorRef, CFStringRef) : failed to create global data
2018-09-30 23:06:15.749 plugin-container[8206:10263159] CFPasteboardRef CFPasteboardCreate(CFAllocatorRef, CFStringRef) : failed to create global data
2018-09-30 23:06:15.749 plugin-container[8206:10263159] CFPasteboardRef CFPasteboardCreate(CFAllocatorRef, CFStringRef) : failed to create global data
2018-09-30 23:06:15.750 plugin-container[8206:10263159] CFPasteboardRef CFPasteboardCreate(CFAllocatorRef, CFStringRef) : failed to create global data
2018-09-30 23:06:15.750 plugin-container[8206:10263159] CFPasteboardRef CFPasteboardCreate(CFAllocatorRef, CFStringRef) : failed to create global data
2018-09-30 23:06:15.750 plugin-container[8206:10263159] CFPasteboardRef CFPasteboardCreate(CFAllocatorRef, CFStringRef) : failed to create global data
2018-09-30 23:06:15.754 plugin-container[8206:10263159] CFPasteboardRef CFPasteboardCreate(CFAllocatorRef, CFStringRef) : failed to create global data
1538323576981	Marionette	DEBUG	[4294967297] Received DOM event pagehide for about:blank
1538323577574	Marionette	DEBUG	[4294967297] Received DOM event DOMContentLoaded for http://localhost/home/
1538323577948	Marionette	DEBUG	[4294967297] Received DOM event pageshow for http://localhost/home/
1538323581609	Marionette	DEBUG	[4294967297] Received DOM event beforeunload for http://localhost/home/
1538323584248	Marionette	DEBUG	[4294967297] Received DOM event pagehide for http://localhost/home/
1538323584250	Marionette	DEBUG	[4294967297] Received DOM event unload for http://localhost/home/
1538323584431	Marionette	DEBUG	[4294967297] Received DOM event DOMContentLoaded for http://localhost/home/index.php?option=com_content&view=frontpage&Itemid=1
1538323584495	Marionette	DEBUG	[4294967297] Received DOM event pageshow for http://localhost/home/index.php?option=com_content&view=frontpage&Itemid=1
1538323584608	Marionette	DEBUG	[4294967297] Received DOM event beforeunload for http://localhost/home/index.php?option=com_content&view=frontpage&Itemid=1
1538323585080	Marionette	DEBUG	[4294967297] Received DOM event pagehide for http://localhost/home/index.php?option=com_content&view=frontpage&Itemid=1
1538323585081	Marionette	DEBUG	[4294967297] Received DOM event unload for http://localhost/home/index.php?option=com_content&view=frontpage&Itemid=1
1538323585320	Marionette	DEBUG	[4294967297] Received DOM event DOMContentLoaded for http://localhost/home/index2.php?option=com_salarial&view=official
1538323585367	Marionette	DEBUG	[4294967297] Received DOM event pageshow for http://localhost/home/index2.php?option=com_salarial&view=official
1538323585632	Marionette	DEBUG	[4294967297] Canceled page load listener because no navigation has been detected
1538323585648	Marionette	DEBUG	[4294967297] Received DOM event beforeunload for http://localhost/home/index2.php?option=com_salarial&view=official
1538323586017	Marionette	DEBUG	[4294967297] Received DOM event pagehide for http://localhost/home/index2.php?option=com_salarial&view=official
1538323586017	Marionette	DEBUG	[4294967297] Received DOM event unload for http://localhost/home/index2.php?option=com_salarial&view=official
1538323586096	Marionette	DEBUG	[4294967297] Received DOM event DOMContentLoaded for http://localhost/home/index2.php?option=com_salarial&view=official
1538323586110	Marionette	DEBUG	[4294967297] Received DOM event pageshow for http://localhost/home/index2.php?option=com_salarial&view=official
1538323586185	Marionette	DEBUG	[4294967297] Received DOM event beforeunload for http://localhost/home/index2.php?option=com_salarial&view=official
1538323586588	Marionette	DEBUG	[4294967297] Received DOM event pagehide for http://localhost/home/index2.php?option=com_salarial&view=official
1538323586589	Marionette	DEBUG	[4294967297] Received DOM event unload for http://localhost/home/index2.php?option=com_salarial&view=official
JavaScript warning: http://localhost/jscripts/jquery.js, line 2425: unreachable code after return statement
1538323586740	Marionette	DEBUG	[4294967297] Received DOM event DOMContentLoaded for http://localhost/home/index2.php?option=com_salarial&view=official&layout=list&ftype=1
1538323586751	Marionette	DEBUG	[4294967297] Received DOM event pageshow for http://localhost/home/index2.php?option=com_salarial&view=official&layout=list&ftype=1
1538323587128	Marionette	DEBUG	[4294967297] Canceled page load listener because no navigation has been detected
1538323587394	Marionette	DEBUG	[4294967297] Canceled page load listener because no navigation has been detected
1538323587701	Marionette	DEBUG	[4294967297] Canceled page load listener because no navigation has been detected
1538323587983	Marionette	DEBUG	[4294967297] Canceled page load listener because no navigation has been detected
1538323588281	Marionette	DEBUG	[4294967297] Canceled page load listener because no navigation has been detected
1538323588566	Marionette	DEBUG	[4294967297] Canceled page load listener because no navigation has been detected
1538323588886	Marionette	DEBUG	[4294967297] Canceled page load listener because no navigation has been detected
1538323589170	Marionette	DEBUG	[4294967297] Canceled page load listener because no navigation has been detected
1538323589451	Marionette	DEBUG	[4294967297] Canceled page load listener because no navigation has been detected
1538323589740	Marionette	DEBUG	[4294967297] Canceled page load listener because no navigation has been detected
1538323590021	Marionette	DEBUG	[4294967297] Canceled page load listener because no navigation has been detected
1538323590276	Marionette	DEBUG	[4294967297] Canceled page load listener because no navigation has been detected
1538323590612	Marionette	DEBUG	[4294967297] Canceled page load listener because no navigation has been detected
1538323590866	Marionette	DEBUG	[4294967297] Canceled page load listener because no navigation has been detected
1538323591185	Marionette	DEBUG	[4294967297] Canceled page load listener because no navigation has been detected
1538323591414	Marionette	DEBUG	[4294967297] Canceled page load listener because no navigation has been detected
1538323591817	Marionette	INFO	Stopped listening on port 54128
1538323591838	addons.xpi	DEBUG	Calling bootstrap method shutdown on webcompat@mozilla.org version 2.0
1538323591838	addons.xpi	DEBUG	Calling bootstrap method shutdown on webcompat-reporter@mozilla.org version 1.0.0
1538323591839	addons.xpi	DEBUG	Calling bootstrap method shutdown on screenshots@mozilla.org version 33.0.0
1538323591843	addons.xpi	DEBUG	Calling bootstrap method shutdown on onboarding@mozilla.org version 1.0
1538323591843	addons.xpi	DEBUG	Calling bootstrap method shutdown on formautofill@mozilla.org version 1.0
1538323591844	addons.xpi	DEBUG	Calling bootstrap method shutdown on firefox@getpocket.com version 1.0.5
1538323591844	addons.xpi	DEBUG	Calling bootstrap method shutdown on aushelper@mozilla.org version 2.0
1538323591845	addons.xpi	DEBUG	Calling bootstrap method shutdown on activity-stream@mozilla.org version 2018.08.22.1219-93becf29
1538323592004	addons.manager	DEBUG	shutdown
1538323592006	addons.manager	DEBUG	Calling shutdown blocker for XPIProvider
1538323592006	addons.xpi	DEBUG	shutdown
1538323592006	addons.xpi-utils	DEBUG	shutdown
1538323592006	addons.manager	DEBUG	Calling shutdown blocker for LightweightThemeManager
1538323592006	addons.manager	DEBUG	Calling shutdown blocker for GMPProvider
1538323592006	addons.manager	DEBUG	Calling shutdown blocker for PluginProvider
1538323592012	addons.manager	DEBUG	Async provider shutdown done
1538323804288	geckodriver	INFO	geckodriver 0.21.0
1538323804298	geckodriver	INFO	Listening on 127.0.0.1:53591
1538323805303	mozrunner::runner	INFO	Running command: "/Applications/Firefox.app/Contents/MacOS/firefox-bin" "-marionette" "-foreground" "-no-remote" "-profile" "/var/folders/l4/497_nqpd2ysgngp9cdr93jg80000gn/T/rust_mozprofile.crhynfSANTHs"
1538323805556	addons.manager	DEBUG	Application has been upgraded
1538323805579	addons.manager	DEBUG	Loaded provider scope for resource://gre/modules/addons/XPIProvider.jsm: ["XPIProvider", "XPIInternal"]
1538323805585	addons.manager	DEBUG	Loaded provider scope for resource://gre/modules/LightweightThemeManager.jsm: ["LightweightThemeManager"]
1538323805622	addons.manager	DEBUG	Loaded provider scope for resource://gre/modules/addons/GMPProvider.jsm
1538323805626	addons.manager	DEBUG	Loaded provider scope for resource://gre/modules/addons/PluginProvider.jsm
1538323805627	addons.manager	DEBUG	Starting provider: XPIProvider
1538323805628	addons.xpi	DEBUG	startup
1538323805630	addons.xpi	INFO	SystemAddonLocation directory is missing
1538323805650	addons.xpi	INFO	Removing all system add-on upgrades.
1538323805651	addons.xpi	DEBUG	checkForChanges
1538323805651	addons.xpi	DEBUG	Loaded add-on state: ${}
1538323805653	addons.xpi	DEBUG	New add-on activity-stream@mozilla.org in app-system-defaults
1538323805655	addons.xpi	DEBUG	New add-on aushelper@mozilla.org in app-system-defaults
1538323805657	addons.xpi	DEBUG	New add-on firefox@getpocket.com in app-system-defaults
1538323805658	addons.xpi	DEBUG	New add-on formautofill@mozilla.org in app-system-defaults
1538323805659	addons.xpi	DEBUG	New add-on onboarding@mozilla.org in app-system-defaults
1538323805660	addons.xpi	DEBUG	New add-on screenshots@mozilla.org in app-system-defaults
1538323805661	addons.xpi	DEBUG	New add-on webcompat-reporter@mozilla.org in app-system-defaults
1538323805662	addons.xpi	DEBUG	New add-on webcompat@mozilla.org in app-system-defaults
1538323805663	addons.xpi	DEBUG	scanForChanges changed: true, state: {}
1538323805678	addons.xpi-utils	DEBUG	Error: Synchronously loading the add-ons database (resource://gre/modules/addons/XPIDatabase.jsm:1329:15) JS Stack trace: syncLoadDB@XPIDatabase.jsm:1329:15
checkForChanges@XPIProvider.jsm:2537:9
startup@XPIProvider.jsm:2120:25
callProvider@AddonManager.jsm:206:12
_startProvider@AddonManager.jsm:654:5
startup@AddonManager.jsm:813:9
startup@AddonManager.jsm:2811:5
observe@addonManager.js:66:9
1538323805679	addons.xpi-utils	DEBUG	Starting async load of XPI database /var/folders/l4/497_nqpd2ysgngp9cdr93jg80000gn/T/rust_mozprofile.crhynfSANTHs/extensions.json
1538323805816	addons.xpi-utils	DEBUG	New add-on activity-stream@mozilla.org installed in app-system-defaults
*** Blocklist::_preloadBlocklistFile: blocklist is disabled
1538323805857	addons.xpi-utils	DEBUG	New add-on aushelper@mozilla.org installed in app-system-defaults
1538323805865	addons.xpi-utils	DEBUG	New add-on firefox@getpocket.com installed in app-system-defaults
1538323805873	addons.xpi-utils	DEBUG	New add-on formautofill@mozilla.org installed in app-system-defaults
1538323805879	addons.xpi-utils	DEBUG	New add-on onboarding@mozilla.org installed in app-system-defaults
1538323805886	addons.xpi-utils	DEBUG	New add-on screenshots@mozilla.org installed in app-system-defaults
1538323805887	addons.xpi-utils	DEBUG	XPI Database saved, setting schema version preference to 27
1538323805894	addons.xpi-utils	DEBUG	New add-on webcompat-reporter@mozilla.org installed in app-system-defaults
1538323805896	addons.xpi-utils	DEBUG	New add-on webcompat@mozilla.org installed in app-system-defaults
1538323806095	addons.manager	DEBUG	Registering startup change 'installed' for activity-stream@mozilla.org
1538323806103	addons.xpi	DEBUG	Loading bootstrap scope from /Applications/Firefox.app/Contents/Resources/browser/features/activity-stream@mozilla.org.xpi
1538323806108	addons.xpi	DEBUG	Calling bootstrap method install on activity-stream@mozilla.org version 2018.08.22.1219-93becf29
1538323806108	addons.xpi-utils	DEBUG	Make addon app-system-defaults:activity-stream@mozilla.org visible
1538323806108	addons.xpi	DEBUG	Updating XPIState for {"id":"activity-stream@mozilla.org","syncGUID":"{e0bc3995-bb8c-294b-9a89-d0d6ce243a60}","version":"2018.08.22.1219-93becf29","type":"extension","defaultLocale":{"name":"Activity Stream","description":"A rich visual history feed and a reimagined home page make it easier than ever to find exactly what you're looking for in Firefox."},"visible":true,"active":false,"userDisabled":false,"appDisabled":false,"installDate":1538274561000,"updateDate":1538274561000,"applyBackgroundUpdates":1,"path":"/Applications/Firefox.app/Contents/Resources/browser/features/activity-stream@mozilla.org.xpi","skinnable":false,"sourceURI":null,"releaseNotesURI":null,"softDisabled":false,"foreignInstall":false,"strictCompatibility":false,"locales":[],"targetApplications":[{"id":"{ec8030f7-c20a-464f-9b0e-13a3a9e97384}","minVersion":"62.0.2","maxVersion":"62.*"}],"targetPlatforms":[],"seen":true,"dependencies":[],"hasEmbeddedWebExtension":false,"userPermissions":null,"icons":{},"blocklistState":0,"blocklistURL":null,"startupData":null,"location":"app-system-defaults"}
1538323806109	addons.manager	DEBUG	Registering startup change 'installed' for aushelper@mozilla.org
1538323806109	addons.xpi	DEBUG	Loading bootstrap scope from /Applications/Firefox.app/Contents/Resources/browser/features/aushelper@mozilla.org.xpi
1538323806111	addons.xpi	DEBUG	Calling bootstrap method install on aushelper@mozilla.org version 2.0
1538323806111	addons.xpi-utils	DEBUG	Make addon app-system-defaults:aushelper@mozilla.org visible
1538323806112	addons.xpi	DEBUG	Updating XPIState for {"id":"aushelper@mozilla.org","syncGUID":"{024ba04a-bda9-144a-9bc4-e6b09f1409de}","version":"2.0","type":"extension","defaultLocale":{"name":"Application Update Service Helper","description":"Sets value(s) in the update url based on custom checks."},"visible":true,"active":false,"userDisabled":false,"appDisabled":false,"installDate":1538274561000,"updateDate":1538274561000,"applyBackgroundUpdates":1,"path":"/Applications/Firefox.app/Contents/Resources/browser/features/aushelper@mozilla.org.xpi","skinnable":false,"sourceURI":null,"releaseNotesURI":null,"softDisabled":false,"foreignInstall":false,"strictCompatibility":false,"locales":[],"targetApplications":[{"id":"{ec8030f7-c20a-464f-9b0e-13a3a9e97384}","minVersion":"62.0.2","maxVersion":"62.*"}],"targetPlatforms":[],"seen":true,"dependencies":[],"hasEmbeddedWebExtension":false,"userPermissions":null,"icons":{},"blocklistState":0,"blocklistURL":null,"startupData":null,"location":"app-system-defaults"}
1538323806112	addons.manager	DEBUG	Registering startup change 'installed' for firefox@getpocket.com
1538323806112	addons.xpi	DEBUG	Loading bootstrap scope from /Applications/Firefox.app/Contents/Resources/browser/features/firefox@getpocket.com.xpi
1538323806119	addons.xpi	DEBUG	Calling bootstrap method install on firefox@getpocket.com version 1.0.5
1538323806119	addons.xpi-utils	DEBUG	Make addon app-system-defaults:firefox@getpocket.com visible
1538323806119	addons.xpi	DEBUG	Updating XPIState for {"id":"firefox@getpocket.com","syncGUID":"{fd4cfac7-7d04-024a-9fdf-fbf6bb31f1bf}","version":"1.0.5","type":"extension","defaultLocale":{"name":"Pocket","description":"When you find something you want to view later, put it in Pocket."},"visible":true,"active":false,"userDisabled":false,"appDisabled":false,"installDate":1538274561000,"updateDate":1538274561000,"applyBackgroundUpdates":1,"path":"/Applications/Firefox.app/Contents/Resources/browser/features/firefox@getpocket.com.xpi","skinnable":false,"sourceURI":null,"releaseNotesURI":null,"softDisabled":false,"foreignInstall":false,"strictCompatibility":false,"locales":[],"targetApplications":[{"id":"{ec8030f7-c20a-464f-9b0e-13a3a9e97384}","minVersion":"62.0.2","maxVersion":"62.*"}],"targetPlatforms":[],"seen":true,"dependencies":[],"hasEmbeddedWebExtension":false,"userPermissions":null,"icons":{},"blocklistState":0,"blocklistURL":null,"startupData":null,"location":"app-system-defaults"}
1538323806121	addons.manager	DEBUG	Registering startup change 'installed' for formautofill@mozilla.org
1538323806122	addons.xpi	DEBUG	Loading bootstrap scope from /Applications/Firefox.app/Contents/Resources/browser/features/formautofill@mozilla.org.xpi
1538323806126	addons.xpi	DEBUG	Calling bootstrap method install on formautofill@mozilla.org version 1.0
1538323806126	addons.xpi-utils	DEBUG	Make addon app-system-defaults:formautofill@mozilla.org visible
1538323806127	addons.xpi	DEBUG	Updating XPIState for {"id":"formautofill@mozilla.org","syncGUID":"{1cb70725-76be-944f-a45f-c43f8950ad5c}","version":"1.0","type":"extension","defaultLocale":{"name":"Form Autofill","description":"Autofill forms with saved profiles"},"visible":true,"active":false,"userDisabled":false,"appDisabled":false,"installDate":1538274561000,"updateDate":1538274561000,"applyBackgroundUpdates":1,"path":"/Applications/Firefox.app/Contents/Resources/browser/features/formautofill@mozilla.org.xpi","skinnable":false,"sourceURI":null,"releaseNotesURI":null,"softDisabled":false,"foreignInstall":false,"strictCompatibility":false,"locales":[],"targetApplications":[{"id":"{ec8030f7-c20a-464f-9b0e-13a3a9e97384}","minVersion":"62.0.2","maxVersion":"62.*"}],"targetPlatforms":[],"seen":true,"dependencies":[],"hasEmbeddedWebExtension":false,"userPermissions":null,"icons":{},"blocklistState":0,"blocklistURL":null,"startupData":null,"location":"app-system-defaults"}
1538323806127	addons.manager	DEBUG	Registering startup change 'installed' for onboarding@mozilla.org
1538323806127	addons.xpi	DEBUG	Loading bootstrap scope from /Applications/Firefox.app/Contents/Resources/browser/features/onboarding@mozilla.org.xpi
1538323806129	addons.xpi	DEBUG	Calling bootstrap method install on onboarding@mozilla.org version 1.0
1538323806129	addons.xpi-utils	DEBUG	Make addon app-system-defaults:onboarding@mozilla.org visible
1538323806130	addons.xpi	DEBUG	Updating XPIState for {"id":"onboarding@mozilla.org","syncGUID":"{b53a58d8-da59-3944-89df-da8d73392eac}","version":"1.0","type":"extension","defaultLocale":{"name":"Photon onboarding","description":"Photon onboarding"},"visible":true,"active":false,"userDisabled":false,"appDisabled":false,"installDate":1538274561000,"updateDate":1538274561000,"applyBackgroundUpdates":1,"path":"/Applications/Firefox.app/Contents/Resources/browser/features/onboarding@mozilla.org.xpi","skinnable":false,"sourceURI":null,"releaseNotesURI":null,"softDisabled":false,"foreignInstall":false,"strictCompatibility":false,"locales":[],"targetApplications":[{"id":"{ec8030f7-c20a-464f-9b0e-13a3a9e97384}","minVersion":"62.0.2","maxVersion":"62.*"}],"targetPlatforms":[],"seen":true,"dependencies":[],"hasEmbeddedWebExtension":false,"userPermissions":null,"icons":{},"blocklistState":0,"blocklistURL":null,"startupData":null,"location":"app-system-defaults"}
1538323806130	addons.manager	DEBUG	Registering startup change 'installed' for screenshots@mozilla.org
1538323806130	addons.xpi	DEBUG	Loading bootstrap scope from /Applications/Firefox.app/Contents/Resources/browser/features/screenshots@mozilla.org.xpi
1538323806133	addons.xpi	DEBUG	Calling bootstrap method install on screenshots@mozilla.org version 33.0.0
1538323806134	addons.xpi-utils	DEBUG	Make addon app-system-defaults:screenshots@mozilla.org visible
1538323806134	addons.xpi	DEBUG	Updating XPIState for {"id":"screenshots@mozilla.org","syncGUID":"{caf4d226-d4aa-cb41-a305-3953441a9852}","version":"33.0.0","type":"extension","defaultLocale":{"name":"Firefox Screenshots","homepageURL":"https://screenshots.firefox.com/"},"visible":true,"active":false,"userDisabled":false,"appDisabled":false,"installDate":1535648403000,"updateDate":1535648403000,"applyBackgroundUpdates":1,"path":"/Applications/Firefox.app/Contents/Resources/browser/features/screenshots@mozilla.org.xpi","skinnable":false,"sourceURI":null,"releaseNotesURI":null,"softDisabled":false,"foreignInstall":false,"strictCompatibility":false,"locales":[],"targetApplications":[{"id":"{ec8030f7-c20a-464f-9b0e-13a3a9e97384}","minVersion":"57.0a1","maxVersion":"*"}],"targetPlatforms":[],"seen":true,"dependencies":[],"hasEmbeddedWebExtension":false,"userPermissions":null,"icons":{},"blocklistState":0,"blocklistURL":null,"startupData":null,"location":"app-system-defaults"}
1538323806134	addons.manager	DEBUG	Registering startup change 'installed' for webcompat-reporter@mozilla.org
1538323806134	addons.xpi	DEBUG	Loading bootstrap scope from /Applications/Firefox.app/Contents/Resources/browser/features/webcompat-reporter@mozilla.org.xpi
1538323806136	addons.xpi	DEBUG	Calling bootstrap method install on webcompat-reporter@mozilla.org version 1.0.0
1538323806136	addons.xpi-utils	DEBUG	Make addon app-system-defaults:webcompat-reporter@mozilla.org visible
1538323806136	addons.xpi	DEBUG	Updating XPIState for {"id":"webcompat-reporter@mozilla.org","syncGUID":"{f050d780-5111-3c44-afc7-a42328e4320b}","version":"1.0.0","type":"extension","defaultLocale":{"name":"WebCompat Reporter","description":"Report site compatibility issues on webcompat.com."},"visible":true,"active":false,"userDisabled":false,"appDisabled":false,"installDate":1538274561000,"updateDate":1538274561000,"applyBackgroundUpdates":1,"path":"/Applications/Firefox.app/Contents/Resources/browser/features/webcompat-reporter@mozilla.org.xpi","skinnable":false,"sourceURI":null,"releaseNotesURI":null,"softDisabled":false,"foreignInstall":false,"strictCompatibility":false,"locales":[],"targetApplications":[{"id":"{ec8030f7-c20a-464f-9b0e-13a3a9e97384}","minVersion":"62.0.2","maxVersion":"62.*"}],"targetPlatforms":[],"seen":true,"dependencies":[],"hasEmbeddedWebExtension":false,"userPermissions":null,"icons":{},"blocklistState":0,"blocklistURL":null,"startupData":null,"location":"app-system-defaults"}
1538323806137	addons.manager	DEBUG	Registering startup change 'installed' for webcompat@mozilla.org
1538323806138	addons.xpi	DEBUG	Loading bootstrap scope from /Applications/Firefox.app/Contents/Resources/browser/features/webcompat@mozilla.org.xpi
1538323806142	addons.xpi	DEBUG	Calling bootstrap method install on webcompat@mozilla.org version 2.0
1538323806142	addons.xpi-utils	DEBUG	Make addon app-system-defaults:webcompat@mozilla.org visible
1538323806142	addons.xpi	DEBUG	Updating XPIState for {"id":"webcompat@mozilla.org","syncGUID":"{0019e241-49b9-9e4f-b0d4-fe83830ce2db}","version":"2.0","type":"extension","defaultLocale":{"name":"Web Compat","description":"Urgent post-release fixes for web compatibility."},"visible":true,"active":false,"userDisabled":false,"appDisabled":false,"installDate":1538274561000,"updateDate":1538274561000,"applyBackgroundUpdates":1,"path":"/Applications/Firefox.app/Contents/Resources/browser/features/webcompat@mozilla.org.xpi","skinnable":false,"sourceURI":null,"releaseNotesURI":null,"softDisabled":false,"foreignInstall":false,"strictCompatibility":false,"locales":[],"targetApplications":[{"id":"{ec8030f7-c20a-464f-9b0e-13a3a9e97384}","minVersion":"62.0.2","maxVersion":"62.*"},{"id":"{aa3c5121-dab2-40e2-81ca-7ea25febc110}","minVersion":"62.0.2","maxVersion":"62.*"}],"targetPlatforms":[],"seen":true,"dependencies":[],"hasEmbeddedWebExtension":true,"userPermissions":null,"icons":{},"blocklistState":0,"blocklistURL":null,"startupData":null,"location":"app-system-defaults"}
1538323806142	addons.xpi	DEBUG	Updating XPIState for {"id":"activity-stream@mozilla.org","syncGUID":"{e0bc3995-bb8c-294b-9a89-d0d6ce243a60}","version":"2018.08.22.1219-93becf29","type":"extension","defaultLocale":{"name":"Activity Stream","description":"A rich visual history feed and a reimagined home page make it easier than ever to find exactly what you're looking for in Firefox."},"visible":true,"active":true,"userDisabled":false,"appDisabled":false,"installDate":1538274561000,"updateDate":1538274561000,"applyBackgroundUpdates":1,"path":"/Applications/Firefox.app/Contents/Resources/browser/features/activity-stream@mozilla.org.xpi","skinnable":false,"sourceURI":null,"releaseNotesURI":null,"softDisabled":false,"foreignInstall":false,"strictCompatibility":false,"locales":[],"targetApplications":[{"id":"{ec8030f7-c20a-464f-9b0e-13a3a9e97384}","minVersion":"62.0.2","maxVersion":"62.*"}],"targetPlatforms":[],"seen":true,"dependencies":[],"hasEmbeddedWebExtension":false,"userPermissions":null,"icons":{},"blocklistState":0,"blocklistURL":null,"startupData":null,"location":"app-system-defaults"}
1538323806143	addons.xpi	DEBUG	Updating XPIState for {"id":"aushelper@mozilla.org","syncGUID":"{024ba04a-bda9-144a-9bc4-e6b09f1409de}","version":"2.0","type":"extension","defaultLocale":{"name":"Application Update Service Helper","description":"Sets value(s) in the update url based on custom checks."},"visible":true,"active":true,"userDisabled":false,"appDisabled":false,"installDate":1538274561000,"updateDate":1538274561000,"applyBackgroundUpdates":1,"path":"/Applications/Firefox.app/Contents/Resources/browser/features/aushelper@mozilla.org.xpi","skinnable":false,"sourceURI":null,"releaseNotesURI":null,"softDisabled":false,"foreignInstall":false,"strictCompatibility":false,"locales":[],"targetApplications":[{"id":"{ec8030f7-c20a-464f-9b0e-13a3a9e97384}","minVersion":"62.0.2","maxVersion":"62.*"}],"targetPlatforms":[],"seen":true,"dependencies":[],"hasEmbeddedWebExtension":false,"userPermissions":null,"icons":{},"blocklistState":0,"blocklistURL":null,"startupData":null,"location":"app-system-defaults"}
1538323806143	addons.xpi	DEBUG	Updating XPIState for {"id":"firefox@getpocket.com","syncGUID":"{fd4cfac7-7d04-024a-9fdf-fbf6bb31f1bf}","version":"1.0.5","type":"extension","defaultLocale":{"name":"Pocket","description":"When you find something you want to view later, put it in Pocket."},"visible":true,"active":true,"userDisabled":false,"appDisabled":false,"installDate":1538274561000,"updateDate":1538274561000,"applyBackgroundUpdates":1,"path":"/Applications/Firefox.app/Contents/Resources/browser/features/firefox@getpocket.com.xpi","skinnable":false,"sourceURI":null,"releaseNotesURI":null,"softDisabled":false,"foreignInstall":false,"strictCompatibility":false,"locales":[],"targetApplications":[{"id":"{ec8030f7-c20a-464f-9b0e-13a3a9e97384}","minVersion":"62.0.2","maxVersion":"62.*"}],"targetPlatforms":[],"seen":true,"dependencies":[],"hasEmbeddedWebExtension":false,"userPermissions":null,"icons":{},"blocklistState":0,"blocklistURL":null,"startupData":null,"location":"app-system-defaults"}
1538323806143	addons.xpi	DEBUG	Updating XPIState for {"id":"formautofill@mozilla.org","syncGUID":"{1cb70725-76be-944f-a45f-c43f8950ad5c}","version":"1.0","type":"extension","defaultLocale":{"name":"Form Autofill","description":"Autofill forms with saved profiles"},"visible":true,"active":true,"userDisabled":false,"appDisabled":false,"installDate":1538274561000,"updateDate":1538274561000,"applyBackgroundUpdates":1,"path":"/Applications/Firefox.app/Contents/Resources/browser/features/formautofill@mozilla.org.xpi","skinnable":false,"sourceURI":null,"releaseNotesURI":null,"softDisabled":false,"foreignInstall":false,"strictCompatibility":false,"locales":[],"targetApplications":[{"id":"{ec8030f7-c20a-464f-9b0e-13a3a9e97384}","minVersion":"62.0.2","maxVersion":"62.*"}],"targetPlatforms":[],"seen":true,"dependencies":[],"hasEmbeddedWebExtension":false,"userPermissions":null,"icons":{},"blocklistState":0,"blocklistURL":null,"startupData":null,"location":"app-system-defaults"}
1538323806143	addons.xpi	DEBUG	Updating XPIState for {"id":"onboarding@mozilla.org","syncGUID":"{b53a58d8-da59-3944-89df-da8d73392eac}","version":"1.0","type":"extension","defaultLocale":{"name":"Photon onboarding","description":"Photon onboarding"},"visible":true,"active":true,"userDisabled":false,"appDisabled":false,"installDate":1538274561000,"updateDate":1538274561000,"applyBackgroundUpdates":1,"path":"/Applications/Firefox.app/Contents/Resources/browser/features/onboarding@mozilla.org.xpi","skinnable":false,"sourceURI":null,"releaseNotesURI":null,"softDisabled":false,"foreignInstall":false,"strictCompatibility":false,"locales":[],"targetApplications":[{"id":"{ec8030f7-c20a-464f-9b0e-13a3a9e97384}","minVersion":"62.0.2","maxVersion":"62.*"}],"targetPlatforms":[],"seen":true,"dependencies":[],"hasEmbeddedWebExtension":false,"userPermissions":null,"icons":{},"blocklistState":0,"blocklistURL":null,"startupData":null,"location":"app-system-defaults"}
1538323806143	addons.xpi	DEBUG	Updating XPIState for {"id":"screenshots@mozilla.org","syncGUID":"{caf4d226-d4aa-cb41-a305-3953441a9852}","version":"33.0.0","type":"extension","defaultLocale":{"name":"Firefox Screenshots","homepageURL":"https://screenshots.firefox.com/"},"visible":true,"active":true,"userDisabled":false,"appDisabled":false,"installDate":1535648403000,"updateDate":1535648403000,"applyBackgroundUpdates":1,"path":"/Applications/Firefox.app/Contents/Resources/browser/features/screenshots@mozilla.org.xpi","skinnable":false,"sourceURI":null,"releaseNotesURI":null,"softDisabled":false,"foreignInstall":false,"strictCompatibility":false,"locales":[],"targetApplications":[{"id":"{ec8030f7-c20a-464f-9b0e-13a3a9e97384}","minVersion":"57.0a1","maxVersion":"*"}],"targetPlatforms":[],"seen":true,"dependencies":[],"hasEmbeddedWebExtension":false,"userPermissions":null,"icons":{},"blocklistState":0,"blocklistURL":null,"startupData":null,"location":"app-system-defaults"}
1538323806144	addons.xpi	DEBUG	Updating XPIState for {"id":"webcompat-reporter@mozilla.org","syncGUID":"{f050d780-5111-3c44-afc7-a42328e4320b}","version":"1.0.0","type":"extension","defaultLocale":{"name":"WebCompat Reporter","description":"Report site compatibility issues on webcompat.com."},"visible":true,"active":true,"userDisabled":false,"appDisabled":false,"installDate":1538274561000,"updateDate":1538274561000,"applyBackgroundUpdates":1,"path":"/Applications/Firefox.app/Contents/Resources/browser/features/webcompat-reporter@mozilla.org.xpi","skinnable":false,"sourceURI":null,"releaseNotesURI":null,"softDisabled":false,"foreignInstall":false,"strictCompatibility":false,"locales":[],"targetApplications":[{"id":"{ec8030f7-c20a-464f-9b0e-13a3a9e97384}","minVersion":"62.0.2","maxVersion":"62.*"}],"targetPlatforms":[],"seen":true,"dependencies":[],"hasEmbeddedWebExtension":false,"userPermissions":null,"icons":{},"blocklistState":0,"blocklistURL":null,"startupData":null,"location":"app-system-defaults"}
1538323806144	addons.xpi	DEBUG	Updating XPIState for {"id":"webcompat@mozilla.org","syncGUID":"{0019e241-49b9-9e4f-b0d4-fe83830ce2db}","version":"2.0","type":"extension","defaultLocale":{"name":"Web Compat","description":"Urgent post-release fixes for web compatibility."},"visible":true,"active":true,"userDisabled":false,"appDisabled":false,"installDate":1538274561000,"updateDate":1538274561000,"applyBackgroundUpdates":1,"path":"/Applications/Firefox.app/Contents/Resources/browser/features/webcompat@mozilla.org.xpi","skinnable":false,"sourceURI":null,"releaseNotesURI":null,"softDisabled":false,"foreignInstall":false,"strictCompatibility":false,"locales":[],"targetApplications":[{"id":"{ec8030f7-c20a-464f-9b0e-13a3a9e97384}","minVersion":"62.0.2","maxVersion":"62.*"},{"id":"{aa3c5121-dab2-40e2-81ca-7ea25febc110}","minVersion":"62.0.2","maxVersion":"62.*"}],"targetPlatforms":[],"seen":true,"dependencies":[],"hasEmbeddedWebExtension":true,"userPermissions":null,"icons":{},"blocklistState":0,"blocklistURL":null,"startupData":null,"location":"app-system-defaults"}
1538323806144	addons.xpi-utils	DEBUG	Updating add-on states
1538323806147	addons.xpi	DEBUG	Registering manifest for /Applications/Firefox.app/Contents/Resources/browser/features/activity-stream@mozilla.org.xpi
1538323806148	addons.xpi	DEBUG	Calling bootstrap method startup on activity-stream@mozilla.org version 2018.08.22.1219-93becf29
1538323806150	addons.xpi	DEBUG	Registering manifest for /Applications/Firefox.app/Contents/Resources/browser/features/aushelper@mozilla.org.xpi
1538323806151	addons.xpi	DEBUG	Calling bootstrap method startup on aushelper@mozilla.org version 2.0
1538323806152	addons.xpi	DEBUG	Registering manifest for /Applications/Firefox.app/Contents/Resources/browser/features/firefox@getpocket.com.xpi
1538323806152	addons.xpi	DEBUG	Calling bootstrap method startup on firefox@getpocket.com version 1.0.5
1538323806162	addons.xpi	DEBUG	Registering manifest for /Applications/Firefox.app/Contents/Resources/browser/features/formautofill@mozilla.org.xpi
1538323806162	addons.xpi	DEBUG	Calling bootstrap method startup on formautofill@mozilla.org version 1.0
1538323806162	addons.xpi	DEBUG	Registering manifest for /Applications/Firefox.app/Contents/Resources/browser/features/onboarding@mozilla.org.xpi
1538323806163	addons.xpi	DEBUG	Calling bootstrap method startup on onboarding@mozilla.org version 1.0
1538323806163	addons.xpi	DEBUG	Registering manifest for /Applications/Firefox.app/Contents/Resources/browser/features/screenshots@mozilla.org.xpi
1538323806163	addons.xpi	DEBUG	Calling bootstrap method startup on screenshots@mozilla.org version 33.0.0
1538323806163	addons.xpi	DEBUG	Registering manifest for /Applications/Firefox.app/Contents/Resources/browser/features/webcompat-reporter@mozilla.org.xpi
1538323806164	addons.xpi	DEBUG	Calling bootstrap method startup on webcompat-reporter@mozilla.org version 1.0.0
1538323806164	addons.xpi	DEBUG	Registering manifest for /Applications/Firefox.app/Contents/Resources/browser/features/webcompat@mozilla.org.xpi
1538323806166	addons.xpi	DEBUG	Calling bootstrap method startup on webcompat@mozilla.org version 2.0
1538323806170	addons.manager	DEBUG	Registering shutdown blocker for XPIProvider
1538323806171	addons.manager	DEBUG	Provider finished startup: XPIProvider
1538323806171	addons.manager	DEBUG	Starting provider: LightweightThemeManager
1538323806172	addons.manager	DEBUG	Registering shutdown blocker for LightweightThemeManager
1538323806174	addons.manager	DEBUG	Provider finished startup: LightweightThemeManager
1538323806174	addons.manager	DEBUG	Starting provider: GMPProvider
1538323806177	addons.manager	DEBUG	Registering shutdown blocker for GMPProvider
1538323806177	addons.manager	DEBUG	Provider finished startup: GMPProvider
1538323806177	addons.manager	DEBUG	Starting provider: PluginProvider
1538323806178	addons.manager	DEBUG	Registering shutdown blocker for PluginProvider
1538323806178	addons.manager	DEBUG	Provider finished startup: PluginProvider
1538323806179	addons.manager	DEBUG	Completed startup sequence
1538323806523	addons.repository	DEBUG	No addons.json found.
2018-09-30 23:10:06.923 plugin-container[8343:10265721] *** CFMessagePort: bootstrap_register(): failed 1100 (0x44c) 'Permission denied', port = 0x9337, name = 'com.apple.tsm.portname'
See /usr/include/servers/bootstrap_defs.h for the error codes.
2018-09-30 23:10:06.923 plugin-container[8343:10265721] CFPasteboardRef CFPasteboardCreate(CFAllocatorRef, CFStringRef) : failed to create global data
2018-09-30 23:10:06.924 plugin-container[8343:10265721] CFPasteboardRef CFPasteboardCreate(CFAllocatorRef, CFStringRef) : failed to create global data
2018-09-30 23:10:06.924 plugin-container[8343:10265721] CFPasteboardRef CFPasteboardCreate(CFAllocatorRef, CFStringRef) : failed to create global data
2018-09-30 23:10:06.925 plugin-container[8343:10265721] CFPasteboardRef CFPasteboardCreate(CFAllocatorRef, CFStringRef) : failed to create global data
2018-09-30 23:10:06.926 plugin-container[8343:10265721] CFPasteboardRef CFPasteboardCreate(CFAllocatorRef, CFStringRef) : failed to create global data
2018-09-30 23:10:06.926 plugin-container[8343:10265721] CFPasteboardRef CFPasteboardCreate(CFAllocatorRef, CFStringRef) : failed to create global data
2018-09-30 23:10:06.927 plugin-container[8343:10265721] CFPasteboardRef CFPasteboardCreate(CFAllocatorRef, CFStringRef) : failed to create global data
2018-09-30 23:10:06.927 plugin-container[8343:10265721] CFPasteboardRef CFPasteboardCreate(CFAllocatorRef, CFStringRef) : failed to create global data
2018-09-30 23:10:06.927 plugin-container[8343:10265721] CFPasteboardRef CFPasteboardCreate(CFAllocatorRef, CFStringRef) : failed to create global data
2018-09-30 23:10:06.927 plugin-container[8343:10265721] CFPasteboardRef CFPasteboardCreate(CFAllocatorRef, CFStringRef) : failed to create global data
2018-09-30 23:10:06.928 plugin-container[8343:10265721] CFPasteboardRef CFPasteboardCreate(CFAllocatorRef, CFStringRef) : failed to create global data
2018-09-30 23:10:06.928 plugin-container[8343:10265721] CFPasteboardRef CFPasteboardCreate(CFAllocatorRef, CFStringRef) : failed to create global data
2018-09-30 23:10:06.928 plugin-container[8343:10265721] CFPasteboardRef CFPasteboardCreate(CFAllocatorRef, CFStringRef) : failed to create global data
2018-09-30 23:10:06.928 plugin-container[8343:10265721] CFPasteboardRef CFPasteboardCreate(CFAllocatorRef, CFStringRef) : failed to create global data
2018-09-30 23:10:06.928 plugin-container[8343:10265721] CFPasteboardRef CFPasteboardCreate(CFAllocatorRef, CFStringRef) : failed to create global data
2018-09-30 23:10:06.929 plugin-container[8343:10265721] CFPasteboardRef CFPasteboardCreate(CFAllocatorRef, CFStringRef) : failed to create global data
2018-09-30 23:10:06.929 plugin-container[8343:10265721] CFPasteboardRef CFPasteboardCreate(CFAllocatorRef, CFStringRef) : failed to create global data
2018-09-30 23:10:06.929 plugin-container[8343:10265721] CFPasteboardRef CFPasteboardCreate(CFAllocatorRef, CFStringRef) : failed to create global data
2018-09-30 23:10:06.929 plugin-container[8343:10265721] CFPasteboardRef CFPasteboardCreate(CFAllocatorRef, CFStringRef) : failed to create global data
2018-09-30 23:10:06.933 plugin-container[8343:10265721] CFPasteboardRef CFPasteboardCreate(CFAllocatorRef, CFStringRef) : failed to create global data
2018-09-30 23:10:07.196 plugin-container[8344:10265755] *** CFMessagePort: bootstrap_register(): failed 1100 (0x44c) 'Permission denied', port = 0x954b, name = 'com.apple.tsm.portname'
See /usr/include/servers/bootstrap_defs.h for the error codes.
2018-09-30 23:10:07.196 plugin-container[8344:10265755] CFPasteboardRef CFPasteboardCreate(CFAllocatorRef, CFStringRef) : failed to create global data
2018-09-30 23:10:07.197 plugin-container[8344:10265755] CFPasteboardRef CFPasteboardCreate(CFAllocatorRef, CFStringRef) : failed to create global data
2018-09-30 23:10:07.197 plugin-container[8344:10265755] CFPasteboardRef CFPasteboardCreate(CFAllocatorRef, CFStringRef) : failed to create global data
2018-09-30 23:10:07.198 plugin-container[8344:10265755] CFPasteboardRef CFPasteboardCreate(CFAllocatorRef, CFStringRef) : failed to create global data
2018-09-30 23:10:07.199 plugin-container[8344:10265755] CFPasteboardRef CFPasteboardCreate(CFAllocatorRef, CFStringRef) : failed to create global data
2018-09-30 23:10:07.199 plugin-container[8344:10265755] CFPasteboardRef CFPasteboardCreate(CFAllocatorRef, CFStringRef) : failed to create global data
2018-09-30 23:10:07.200 plugin-container[8344:10265755] CFPasteboardRef CFPasteboardCreate(CFAllocatorRef, CFStringRef) : failed to create global data
2018-09-30 23:10:07.200 plugin-container[8344:10265755] CFPasteboardRef CFPasteboardCreate(CFAllocatorRef, CFStringRef) : failed to create global data
2018-09-30 23:10:07.200 plugin-container[8344:10265755] CFPasteboardRef CFPasteboardCreate(CFAllocatorRef, CFStringRef) : failed to create global data
2018-09-30 23:10:07.200 plugin-container[8344:10265755] CFPasteboardRef CFPasteboardCreate(CFAllocatorRef, CFStringRef) : failed to create global data
2018-09-30 23:10:07.201 plugin-container[8344:10265755] CFPasteboardRef CFPasteboardCreate(CFAllocatorRef, CFStringRef) : failed to create global data
2018-09-30 23:10:07.201 plugin-container[8344:10265755] CFPasteboardRef CFPasteboardCreate(CFAllocatorRef, CFStringRef) : failed to create global data
2018-09-30 23:10:07.201 plugin-container[8344:10265755] CFPasteboardRef CFPasteboardCreate(CFAllocatorRef, CFStringRef) : failed to create global data
2018-09-30 23:10:07.201 plugin-container[8344:10265755] CFPasteboardRef CFPasteboardCreate(CFAllocatorRef, CFStringRef) : failed to create global data
2018-09-30 23:10:07.202 plugin-container[8344:10265755] CFPasteboardRef CFPasteboardCreate(CFAllocatorRef, CFStringRef) : failed to create global data
2018-09-30 23:10:07.202 plugin-container[8344:10265755] CFPasteboardRef CFPasteboardCreate(CFAllocatorRef, CFStringRef) : failed to create global data
2018-09-30 23:10:07.202 plugin-container[8344:10265755] CFPasteboardRef CFPasteboardCreate(CFAllocatorRef, CFStringRef) : failed to create global data
2018-09-30 23:10:07.202 plugin-container[8344:10265755] CFPasteboardRef CFPasteboardCreate(CFAllocatorRef, CFStringRef) : failed to create global data
2018-09-30 23:10:07.203 plugin-container[8344:10265755] CFPasteboardRef CFPasteboardCreate(CFAllocatorRef, CFStringRef) : failed to create global data
2018-09-30 23:10:07.205 plugin-container[8344:10265755] CFPasteboardRef CFPasteboardCreate(CFAllocatorRef, CFStringRef) : failed to create global data
1538323807357	addons.xpi	DEBUG	Existing add-on activity-stream@mozilla.org in app-system-defaults
1538323807357	addons.xpi	DEBUG	Existing add-on aushelper@mozilla.org in app-system-defaults
1538323807357	addons.xpi	DEBUG	Existing add-on firefox@getpocket.com in app-system-defaults
1538323807357	addons.xpi	DEBUG	Existing add-on formautofill@mozilla.org in app-system-defaults
1538323807357	addons.xpi	DEBUG	Existing add-on onboarding@mozilla.org in app-system-defaults
1538323807357	addons.xpi	DEBUG	Existing add-on screenshots@mozilla.org in app-system-defaults
1538323807357	addons.xpi	DEBUG	Existing add-on webcompat-reporter@mozilla.org in app-system-defaults
1538323807357	addons.xpi	DEBUG	Existing add-on webcompat@mozilla.org in app-system-defaults
1538323807358	addons.xpi	DEBUG	scanForChanges changed: false, state: {}
1538323807542	Marionette	INFO	Listening on port 53676
1538323807599	Marionette	WARN	TLS certificate errors will be ignored for this session
1538323807649	Marionette	DEBUG	[4294967297] Frame script loaded
1538323807650	Marionette	DEBUG	[4294967297] Frame script registered
1538323807677	Marionette	DEBUG	[4294967297] Received DOM event beforeunload for about:blank
2018-09-30 23:10:08.058 plugin-container[8345:10265872] *** CFMessagePort: bootstrap_register(): failed 1100 (0x44c) 'Permission denied', port = 0x934b, name = 'com.apple.tsm.portname'
See /usr/include/servers/bootstrap_defs.h for the error codes.
2018-09-30 23:10:08.058 plugin-container[8345:10265872] CFPasteboardRef CFPasteboardCreate(CFAllocatorRef, CFStringRef) : failed to create global data
2018-09-30 23:10:08.060 plugin-container[8345:10265872] CFPasteboardRef CFPasteboardCreate(CFAllocatorRef, CFStringRef) : failed to create global data
2018-09-30 23:10:08.060 plugin-container[8345:10265872] CFPasteboardRef CFPasteboardCreate(CFAllocatorRef, CFStringRef) : failed to create global data
2018-09-30 23:10:08.061 plugin-container[8345:10265872] CFPasteboardRef CFPasteboardCreate(CFAllocatorRef, CFStringRef) : failed to create global data
2018-09-30 23:10:08.063 plugin-container[8345:10265872] CFPasteboardRef CFPasteboardCreate(CFAllocatorRef, CFStringRef) : failed to create global data
2018-09-30 23:10:08.063 plugin-container[8345:10265872] CFPasteboardRef CFPasteboardCreate(CFAllocatorRef, CFStringRef) : failed to create global data
2018-09-30 23:10:08.063 plugin-container[8345:10265872] CFPasteboardRef CFPasteboardCreate(CFAllocatorRef, CFStringRef) : failed to create global data
2018-09-30 23:10:08.064 plugin-container[8345:10265872] CFPasteboardRef CFPasteboardCreate(CFAllocatorRef, CFStringRef) : failed to create global data
2018-09-30 23:10:08.064 plugin-container[8345:10265872] CFPasteboardRef CFPasteboardCreate(CFAllocatorRef, CFStringRef) : failed to create global data
2018-09-30 23:10:08.064 plugin-container[8345:10265872] CFPasteboardRef CFPasteboardCreate(CFAllocatorRef, CFStringRef) : failed to create global data
2018-09-30 23:10:08.064 plugin-container[8345:10265872] CFPasteboardRef CFPasteboardCreate(CFAllocatorRef, CFStringRef) : failed to create global data
2018-09-30 23:10:08.065 plugin-container[8345:10265872] CFPasteboardRef CFPasteboardCreate(CFAllocatorRef, CFStringRef) : failed to create global data
2018-09-30 23:10:08.065 plugin-container[8345:10265872] CFPasteboardRef CFPasteboardCreate(CFAllocatorRef, CFStringRef) : failed to create global data
2018-09-30 23:10:08.066 plugin-container[8345:10265872] CFPasteboardRef CFPasteboardCreate(CFAllocatorRef, CFStringRef) : failed to create global data
2018-09-30 23:10:08.067 plugin-container[8345:10265872] CFPasteboardRef CFPasteboardCreate(CFAllocatorRef, CFStringRef) : failed to create global data
2018-09-30 23:10:08.067 plugin-container[8345:10265872] CFPasteboardRef CFPasteboardCreate(CFAllocatorRef, CFStringRef) : failed to create global data
2018-09-30 23:10:08.067 plugin-container[8345:10265872] CFPasteboardRef CFPasteboardCreate(CFAllocatorRef, CFStringRef) : failed to create global data
2018-09-30 23:10:08.068 plugin-container[8345:10265872] CFPasteboardRef CFPasteboardCreate(CFAllocatorRef, CFStringRef) : failed to create global data
2018-09-30 23:10:08.068 plugin-container[8345:10265872] CFPasteboardRef CFPasteboardCreate(CFAllocatorRef, CFStringRef) : failed to create global data
2018-09-30 23:10:08.071 plugin-container[8345:10265872] CFPasteboardRef CFPasteboardCreate(CFAllocatorRef, CFStringRef) : failed to create global data
1538323809053	Marionette	DEBUG	[4294967297] Received DOM event pagehide for about:blank
1538323809491	Marionette	DEBUG	[4294967297] Received DOM event DOMContentLoaded for http://localhost/home/
1538323809835	Marionette	DEBUG	[4294967297] Received DOM event pageshow for http://localhost/home/
1538323813479	Marionette	DEBUG	[4294967297] Received DOM event beforeunload for http://localhost/home/
1538323815784	Marionette	DEBUG	[4294967297] Received DOM event pagehide for http://localhost/home/
1538323815785	Marionette	DEBUG	[4294967297] Received DOM event unload for http://localhost/home/
1538323816032	Marionette	DEBUG	[4294967297] Received DOM event DOMContentLoaded for http://localhost/home/index.php?option=com_content&view=frontpage&Itemid=1
1538323816172	Marionette	DEBUG	[4294967297] Received DOM event pageshow for http://localhost/home/index.php?option=com_content&view=frontpage&Itemid=1
1538323816309	Marionette	DEBUG	[4294967297] Received DOM event beforeunload for http://localhost/home/index.php?option=com_content&view=frontpage&Itemid=1
1538323817146	Marionette	DEBUG	[4294967297] Received DOM event pagehide for http://localhost/home/index.php?option=com_content&view=frontpage&Itemid=1
1538323817147	Marionette	DEBUG	[4294967297] Received DOM event unload for http://localhost/home/index.php?option=com_content&view=frontpage&Itemid=1
1538323817406	Marionette	DEBUG	[4294967297] Received DOM event DOMContentLoaded for http://localhost/home/index2.php?option=com_salarial&view=official
1538323817416	Marionette	DEBUG	[4294967297] Received DOM event pageshow for http://localhost/home/index2.php?option=com_salarial&view=official
1538323817701	Marionette	DEBUG	[4294967297] Canceled page load listener because no navigation has been detected
1538323817717	Marionette	DEBUG	[4294967297] Received DOM event beforeunload for http://localhost/home/index2.php?option=com_salarial&view=official
1538323818123	Marionette	DEBUG	[4294967297] Received DOM event pagehide for http://localhost/home/index2.php?option=com_salarial&view=official
1538323818124	Marionette	DEBUG	[4294967297] Received DOM event unload for http://localhost/home/index2.php?option=com_salarial&view=official
1538323818205	Marionette	DEBUG	[4294967297] Received DOM event DOMContentLoaded for http://localhost/home/index2.php?option=com_salarial&view=official
1538323818216	Marionette	DEBUG	[4294967297] Received DOM event pageshow for http://localhost/home/index2.php?option=com_salarial&view=official
1538323818276	Marionette	DEBUG	[4294967297] Received DOM event beforeunload for http://localhost/home/index2.php?option=com_salarial&view=official
1538323818660	Marionette	DEBUG	[4294967297] Received DOM event pagehide for http://localhost/home/index2.php?option=com_salarial&view=official
1538323818662	Marionette	DEBUG	[4294967297] Received DOM event unload for http://localhost/home/index2.php?option=com_salarial&view=official
JavaScript warning: http://localhost/jscripts/jquery.js, line 2425: unreachable code after return statement
1538323818765	Marionette	DEBUG	[4294967297] Received DOM event DOMContentLoaded for http://localhost/home/index2.php?option=com_salarial&view=official&layout=list&ftype=1
1538323818808	Marionette	DEBUG	[4294967297] Received DOM event pageshow for http://localhost/home/index2.php?option=com_salarial&view=official&layout=list&ftype=1
1538323819128	Marionette	DEBUG	[4294967297] Canceled page load listener because no navigation has been detected
1538323819395	Marionette	DEBUG	[4294967297] Canceled page load listener because no navigation has been detected
1538323819675	Marionette	DEBUG	[4294967297] Canceled page load listener because no navigation has been detected
1538323820007	Marionette	DEBUG	[4294967297] Canceled page load listener because no navigation has been detected
1538323820333	Marionette	DEBUG	[4294967297] Canceled page load listener because no navigation has been detected
1538323820607	Marionette	DEBUG	[4294967297] Canceled page load listener because no navigation has been detected
1538323821384	Marionette	DEBUG	[4294967297] Canceled page load listener because no navigation has been detected
1538323821629	Marionette	DEBUG	[4294967297] Canceled page load listener because no navigation has been detected
1538323821915	Marionette	DEBUG	[4294967297] Canceled page load listener because no navigation has been detected
1538323822188	Marionette	DEBUG	[4294967297] Canceled page load listener because no navigation has been detected
1538323822475	Marionette	DEBUG	[4294967297] Canceled page load listener because no navigation has been detected
1538323822741	Marionette	DEBUG	[4294967297] Canceled page load listener because no navigation has been detected
1538323823102	Marionette	DEBUG	[4294967297] Canceled page load listener because no navigation has been detected
1538323823372	Marionette	DEBUG	[4294967297] Canceled page load listener because no navigation has been detected
1538323824174	Marionette	DEBUG	[4294967297] Canceled page load listener because no navigation has been detected
1538323824893	Marionette	DEBUG	[4294967297] Canceled page load listener because no navigation has been detected
1538323825637	Marionette	DEBUG	[4294967297] Canceled page load listener because no navigation has been detected
1538323825923	Marionette	DEBUG	[4294967297] Canceled page load listener because no navigation has been detected
1538323826201	Marionette	DEBUG	[4294967297] Canceled page load listener because no navigation has been detected
1538323826434	Marionette	DEBUG	[4294967297] Canceled page load listener because no navigation has been detected
1538323827176	Marionette	DEBUG	[4294967297] Canceled page load listener because no navigation has been detected
1538323827367	addons.productaddons	INFO	sending request to: https://aus5.mozilla.org/update/3/GMP/62.0.2/20180920131237/Darwin_x86_64-gcc3/th/release/Darwin%2015.6.0/default/default/update.xml
1538323827937	Marionette	DEBUG	[4294967297] Canceled page load listener because no navigation has been detected
1538323828225	Marionette	DEBUG	[4294967297] Canceled page load listener because no navigation has been detected
1538323828515	Marionette	DEBUG	[4294967297] Canceled page load listener because no navigation has been detected
1538323829014	addons.productaddons	INFO	Completed downloading document
1538323829240	Marionette	DEBUG	[4294967297] Canceled page load listener because no navigation has been detected
1538323829459	Marionette	DEBUG	[4294967297] Canceled page load listener because no navigation has been detected
1538323829687	Marionette	DEBUG	[4294967297] Canceled page load listener because no navigation has been detected
1538323829981	Marionette	DEBUG	[4294967297] Canceled page load listener because no navigation has been detected
1538323830251	Marionette	DEBUG	[4294967297] Canceled page load listener because no navigation has been detected
1538323830556	Marionette	DEBUG	[4294967297] Canceled page load listener because no navigation has been detected
1538323831280	Marionette	DEBUG	[4294967297] Canceled page load listener because no navigation has been detected
1538323831516	Marionette	DEBUG	[4294967297] Canceled page load listener because no navigation has been detected
1538323831737	Marionette	DEBUG	[4294967297] Canceled page load listener because no navigation has been detected
1538323831957	Marionette	DEBUG	[4294967297] Canceled page load listener because no navigation has been detected
1538323832174	Marionette	DEBUG	[4294967297] Canceled page load listener because no navigation has been detected
1538323832187	Marionette	DEBUG	[4294967297] Received DOM event beforeunload for http://localhost/home/index2.php?option=com_salarial&view=official&layout=list&ftype=1
1538323832612	Marionette	DEBUG	[4294967297] Received DOM event pagehide for http://localhost/home/index2.php?option=com_salarial&view=official&layout=list&ftype=1
1538323832613	Marionette	DEBUG	[4294967297] Received DOM event unload for http://localhost/home/index2.php?option=com_salarial&view=official&layout=list&ftype=1
1538323832715	Marionette	DEBUG	[4294967297] Received DOM event DOMContentLoaded for http://localhost/home/index2.php?option=com_salarial&view=official&ftype=1
1538323832728	Marionette	DEBUG	[4294967297] Received DOM event pageshow for http://localhost/home/index2.php?option=com_salarial&view=official&ftype=1
1538323832799	Marionette	DEBUG	[4294967297] Received DOM event beforeunload for http://localhost/home/index2.php?option=com_salarial&view=official&ftype=1
1538323833549	addons.productaddons	INFO	downloadXHR File download. status=200
1538323833554	addons.productaddons	INFO	Downloaded file will be saved to /var/folders/l4/497_nqpd2ysgngp9cdr93jg80000gn/T/tmpaddon-c4214f
1538323834000	Marionette	DEBUG	[4294967297] Received DOM event pagehide for http://localhost/home/index2.php?option=com_salarial&view=official&ftype=1
1538323834005	Marionette	DEBUG	[4294967297] Received DOM event unload for http://localhost/home/index2.php?option=com_salarial&view=official&ftype=1
1538323834124	Marionette	DEBUG	[4294967297] Received DOM event DOMContentLoaded for http://localhost/home/index.php
1538323834165	Marionette	DEBUG	[4294967297] Received DOM event pageshow for http://localhost/home/index.php
1538323834276	Marionette	DEBUG	[4294967297] Received DOM event beforeunload for http://localhost/home/index.php
1538323835574	addons.productaddons	INFO	downloadXHR File download. status=200
1538323835601	addons.productaddons	INFO	Downloaded file will be saved to /var/folders/l4/497_nqpd2ysgngp9cdr93jg80000gn/T/tmpaddon-a8294
1538323836049	Marionette	DEBUG	[4294967297] Received DOM event pagehide for http://localhost/home/index.php
1538323836049	Marionette	DEBUG	[4294967297] Received DOM event unload for http://localhost/home/index.php
1538323836201	Marionette	DEBUG	[4294967297] Received DOM event DOMContentLoaded for http://localhost/home/index.php?option=com_content&view=frontpage&Itemid=1
1538323836243	Marionette	DEBUG	[4294967297] Received DOM event pageshow for http://localhost/home/index.php?option=com_content&view=frontpage&Itemid=1
1538323836298	Marionette	INFO	Stopped listening on port 53676
1538323836333	addons.xpi	DEBUG	Calling bootstrap method shutdown on webcompat@mozilla.org version 2.0
1538323836334	addons.xpi	DEBUG	Calling bootstrap method shutdown on webcompat-reporter@mozilla.org version 1.0.0
1538323836335	addons.xpi	DEBUG	Calling bootstrap method shutdown on screenshots@mozilla.org version 33.0.0
1538323836340	addons.xpi	DEBUG	Calling bootstrap method shutdown on onboarding@mozilla.org version 1.0
1538323836341	addons.xpi	DEBUG	Calling bootstrap method shutdown on formautofill@mozilla.org version 1.0
1538323836341	addons.xpi	DEBUG	Calling bootstrap method shutdown on firefox@getpocket.com version 1.0.5
1538323836342	addons.xpi	DEBUG	Calling bootstrap method shutdown on aushelper@mozilla.org version 2.0
1538323836342	addons.xpi	DEBUG	Calling bootstrap method shutdown on activity-stream@mozilla.org version 2018.08.22.1219-93becf29
1538323836441	addons.manager	DEBUG	shutdown
1538323836442	addons.manager	DEBUG	Calling shutdown blocker for XPIProvider
1538323836442	addons.xpi	DEBUG	shutdown
1538323836442	addons.xpi-utils	DEBUG	shutdown
1538323836442	addons.manager	DEBUG	Calling shutdown blocker for LightweightThemeManager
1538323836442	addons.manager	DEBUG	Calling shutdown blocker for GMPProvider
1538323836442	addons.manager	DEBUG	Calling shutdown blocker for PluginProvider
1538323836448	addons.manager	DEBUG	Async provider shutdown done
