1538364257442	mozrunner::runner	INFO	Running command: "/Applications/Firefox.app/Contents/MacOS/firefox-bin" "-marionette" "-foreground" "-no-remote" "-profile" "/var/folders/l4/497_nqpd2ysgngp9cdr93jg80000gn/T/rust_mozprofile.5TFaue4J8jhc"
1538364257667	addons.manager	DEBUG	Application has been upgraded
1538364257676	addons.manager	DEBUG	Loaded provider scope for resource://gre/modules/addons/XPIProvider.jsm: ["XPIProvider", "XPIInternal"]
1538364257679	addons.manager	DEBUG	Loaded provider scope for resource://gre/modules/LightweightThemeManager.jsm: ["LightweightThemeManager"]
1538364257694	addons.manager	DEBUG	Loaded provider scope for resource://gre/modules/addons/GMPProvider.jsm
1538364257697	addons.manager	DEBUG	Loaded provider scope for resource://gre/modules/addons/PluginProvider.jsm
1538364257698	addons.manager	DEBUG	Starting provider: XPIProvider
1538364257698	addons.xpi	DEBUG	startup
1538364257699	addons.xpi	INFO	SystemAddonLocation directory is missing
1538364257707	addons.xpi	INFO	Removing all system add-on upgrades.
1538364257708	addons.xpi	DEBUG	checkForChanges
1538364257708	addons.xpi	DEBUG	Loaded add-on state: ${}
1538364257709	addons.xpi	DEBUG	New add-on activity-stream@mozilla.org in app-system-defaults
1538364257710	addons.xpi	DEBUG	New add-on aushelper@mozilla.org in app-system-defaults
1538364257710	addons.xpi	DEBUG	New add-on firefox@getpocket.com in app-system-defaults
1538364257711	addons.xpi	DEBUG	New add-on formautofill@mozilla.org in app-system-defaults
1538364257711	addons.xpi	DEBUG	New add-on onboarding@mozilla.org in app-system-defaults
1538364257711	addons.xpi	DEBUG	New add-on screenshots@mozilla.org in app-system-defaults
1538364257712	addons.xpi	DEBUG	New add-on webcompat-reporter@mozilla.org in app-system-defaults
1538364257712	addons.xpi	DEBUG	New add-on webcompat@mozilla.org in app-system-defaults
1538364257712	addons.xpi	DEBUG	scanForChanges changed: true, state: {}
1538364257719	addons.xpi-utils	DEBUG	Error: Synchronously loading the add-ons database (resource://gre/modules/addons/XPIDatabase.jsm:1329:15) JS Stack trace: syncLoadDB@XPIDatabase.jsm:1329:15
checkForChanges@XPIProvider.jsm:2537:9
startup@XPIProvider.jsm:2120:25
callProvider@AddonManager.jsm:206:12
_startProvider@AddonManager.jsm:654:5
startup@AddonManager.jsm:813:9
startup@AddonManager.jsm:2811:5
observe@addonManager.js:66:9
1538364257719	addons.xpi-utils	DEBUG	Starting async load of XPI database /var/folders/l4/497_nqpd2ysgngp9cdr93jg80000gn/T/rust_mozprofile.5TFaue4J8jhc/extensions.json
1538364257829	addons.xpi-utils	DEBUG	New add-on activity-stream@mozilla.org installed in app-system-defaults
*** Blocklist::_preloadBlocklistFile: blocklist is disabled
1538364257856	addons.xpi-utils	DEBUG	New add-on aushelper@mozilla.org installed in app-system-defaults
1538364257859	addons.xpi-utils	DEBUG	New add-on firefox@getpocket.com installed in app-system-defaults
1538364257862	addons.xpi-utils	DEBUG	New add-on formautofill@mozilla.org installed in app-system-defaults
1538364257865	addons.xpi-utils	DEBUG	New add-on onboarding@mozilla.org installed in app-system-defaults
1538364257868	addons.xpi-utils	DEBUG	New add-on screenshots@mozilla.org installed in app-system-defaults
1538364257871	addons.xpi-utils	DEBUG	New add-on webcompat-reporter@mozilla.org installed in app-system-defaults
1538364257874	addons.xpi-utils	DEBUG	New add-on webcompat@mozilla.org installed in app-system-defaults
1538364257915	addons.xpi-utils	DEBUG	XPI Database saved, setting schema version preference to 27
1538364257969	addons.manager	DEBUG	Registering startup change 'installed' for activity-stream@mozilla.org
1538364257974	addons.xpi	DEBUG	Loading bootstrap scope from /Applications/Firefox.app/Contents/Resources/browser/features/activity-stream@mozilla.org.xpi
1538364257975	addons.xpi	DEBUG	Calling bootstrap method install on activity-stream@mozilla.org version 2018.08.22.1219-93becf29
1538364257975	addons.xpi-utils	DEBUG	Make addon app-system-defaults:activity-stream@mozilla.org visible
1538364257975	addons.xpi	DEBUG	Updating XPIState for {"id":"activity-stream@mozilla.org","syncGUID":"{66327b59-9acc-024d-9c3f-56d2220b72f7}","version":"2018.08.22.1219-93becf29","type":"extension","defaultLocale":{"name":"Activity Stream","description":"A rich visual history feed and a reimagined home page make it easier than ever to find exactly what you're looking for in Firefox."},"visible":true,"active":false,"userDisabled":false,"appDisabled":false,"installDate":1538274561000,"updateDate":1538274561000,"applyBackgroundUpdates":1,"path":"/Applications/Firefox.app/Contents/Resources/browser/features/activity-stream@mozilla.org.xpi","skinnable":false,"sourceURI":null,"releaseNotesURI":null,"softDisabled":false,"foreignInstall":false,"strictCompatibility":false,"locales":[],"targetApplications":[{"id":"{ec8030f7-c20a-464f-9b0e-13a3a9e97384}","minVersion":"62.0.2","maxVersion":"62.*"}],"targetPlatforms":[],"seen":true,"dependencies":[],"hasEmbeddedWebExtension":false,"userPermissions":null,"icons":{},"blocklistState":0,"blocklistURL":null,"startupData":null,"location":"app-system-defaults"}
1538364257976	addons.manager	DEBUG	Registering startup change 'installed' for aushelper@mozilla.org
1538364257976	addons.xpi	DEBUG	Loading bootstrap scope from /Applications/Firefox.app/Contents/Resources/browser/features/aushelper@mozilla.org.xpi
1538364257977	addons.xpi	DEBUG	Calling bootstrap method install on aushelper@mozilla.org version 2.0
1538364257977	addons.xpi-utils	DEBUG	Make addon app-system-defaults:aushelper@mozilla.org visible
1538364257977	addons.xpi	DEBUG	Updating XPIState for {"id":"aushelper@mozilla.org","syncGUID":"{ac83bd99-819a-be42-b0a7-a4bfae294b02}","version":"2.0","type":"extension","defaultLocale":{"name":"Application Update Service Helper","description":"Sets value(s) in the update url based on custom checks."},"visible":true,"active":false,"userDisabled":false,"appDisabled":false,"installDate":1538274561000,"updateDate":1538274561000,"applyBackgroundUpdates":1,"path":"/Applications/Firefox.app/Contents/Resources/browser/features/aushelper@mozilla.org.xpi","skinnable":false,"sourceURI":null,"releaseNotesURI":null,"softDisabled":false,"foreignInstall":false,"strictCompatibility":false,"locales":[],"targetApplications":[{"id":"{ec8030f7-c20a-464f-9b0e-13a3a9e97384}","minVersion":"62.0.2","maxVersion":"62.*"}],"targetPlatforms":[],"seen":true,"dependencies":[],"hasEmbeddedWebExtension":false,"userPermissions":null,"icons":{},"blocklistState":0,"blocklistURL":null,"startupData":null,"location":"app-system-defaults"}
1538364257977	addons.manager	DEBUG	Registering startup change 'installed' for firefox@getpocket.com
1538364257978	addons.xpi	DEBUG	Loading bootstrap scope from /Applications/Firefox.app/Contents/Resources/browser/features/firefox@getpocket.com.xpi
1538364257981	addons.xpi	DEBUG	Calling bootstrap method install on firefox@getpocket.com version 1.0.5
1538364257981	addons.xpi-utils	DEBUG	Make addon app-system-defaults:firefox@getpocket.com visible
1538364257981	addons.xpi	DEBUG	Updating XPIState for {"id":"firefox@getpocket.com","syncGUID":"{d8a71523-773b-ea46-8c16-a609da7a1f27}","version":"1.0.5","type":"extension","defaultLocale":{"name":"Pocket","description":"When you find something you want to view later, put it in Pocket."},"visible":true,"active":false,"userDisabled":false,"appDisabled":false,"installDate":1538274561000,"updateDate":1538274561000,"applyBackgroundUpdates":1,"path":"/Applications/Firefox.app/Contents/Resources/browser/features/firefox@getpocket.com.xpi","skinnable":false,"sourceURI":null,"releaseNotesURI":null,"softDisabled":false,"foreignInstall":false,"strictCompatibility":false,"locales":[],"targetApplications":[{"id":"{ec8030f7-c20a-464f-9b0e-13a3a9e97384}","minVersion":"62.0.2","maxVersion":"62.*"}],"targetPlatforms":[],"seen":true,"dependencies":[],"hasEmbeddedWebExtension":false,"userPermissions":null,"icons":{},"blocklistState":0,"blocklistURL":null,"startupData":null,"location":"app-system-defaults"}
1538364257982	addons.manager	DEBUG	Registering startup change 'installed' for formautofill@mozilla.org
1538364257982	addons.xpi	DEBUG	Loading bootstrap scope from /Applications/Firefox.app/Contents/Resources/browser/features/formautofill@mozilla.org.xpi
1538364257983	addons.xpi	DEBUG	Calling bootstrap method install on formautofill@mozilla.org version 1.0
1538364257983	addons.xpi-utils	DEBUG	Make addon app-system-defaults:formautofill@mozilla.org visible
1538364257983	addons.xpi	DEBUG	Updating XPIState for {"id":"formautofill@mozilla.org","syncGUID":"{22a270eb-3676-4242-8423-e5236164e276}","version":"1.0","type":"extension","defaultLocale":{"name":"Form Autofill","description":"Autofill forms with saved profiles"},"visible":true,"active":false,"userDisabled":false,"appDisabled":false,"installDate":1538274561000,"updateDate":1538274561000,"applyBackgroundUpdates":1,"path":"/Applications/Firefox.app/Contents/Resources/browser/features/formautofill@mozilla.org.xpi","skinnable":false,"sourceURI":null,"releaseNotesURI":null,"softDisabled":false,"foreignInstall":false,"strictCompatibility":false,"locales":[],"targetApplications":[{"id":"{ec8030f7-c20a-464f-9b0e-13a3a9e97384}","minVersion":"62.0.2","maxVersion":"62.*"}],"targetPlatforms":[],"seen":true,"dependencies":[],"hasEmbeddedWebExtension":false,"userPermissions":null,"icons":{},"blocklistState":0,"blocklistURL":null,"startupData":null,"location":"app-system-defaults"}
1538364257983	addons.manager	DEBUG	Registering startup change 'installed' for onboarding@mozilla.org
1538364257984	addons.xpi	DEBUG	Loading bootstrap scope from /Applications/Firefox.app/Contents/Resources/browser/features/onboarding@mozilla.org.xpi
1538364257985	addons.xpi	DEBUG	Calling bootstrap method install on onboarding@mozilla.org version 1.0
1538364257985	addons.xpi-utils	DEBUG	Make addon app-system-defaults:onboarding@mozilla.org visible
1538364257985	addons.xpi	DEBUG	Updating XPIState for {"id":"onboarding@mozilla.org","syncGUID":"{122c6d33-56e2-184d-ada8-0881e4c5aacd}","version":"1.0","type":"extension","defaultLocale":{"name":"Photon onboarding","description":"Photon onboarding"},"visible":true,"active":false,"userDisabled":false,"appDisabled":false,"installDate":1538274561000,"updateDate":1538274561000,"applyBackgroundUpdates":1,"path":"/Applications/Firefox.app/Contents/Resources/browser/features/onboarding@mozilla.org.xpi","skinnable":false,"sourceURI":null,"releaseNotesURI":null,"softDisabled":false,"foreignInstall":false,"strictCompatibility":false,"locales":[],"targetApplications":[{"id":"{ec8030f7-c20a-464f-9b0e-13a3a9e97384}","minVersion":"62.0.2","maxVersion":"62.*"}],"targetPlatforms":[],"seen":true,"dependencies":[],"hasEmbeddedWebExtension":false,"userPermissions":null,"icons":{},"blocklistState":0,"blocklistURL":null,"startupData":null,"location":"app-system-defaults"}
1538364257985	addons.manager	DEBUG	Registering startup change 'installed' for screenshots@mozilla.org
1538364257986	addons.xpi	DEBUG	Loading bootstrap scope from /Applications/Firefox.app/Contents/Resources/browser/features/screenshots@mozilla.org.xpi
1538364257987	addons.xpi	DEBUG	Calling bootstrap method install on screenshots@mozilla.org version 33.0.0
1538364257987	addons.xpi-utils	DEBUG	Make addon app-system-defaults:screenshots@mozilla.org visible
1538364257987	addons.xpi	DEBUG	Updating XPIState for {"id":"screenshots@mozilla.org","syncGUID":"{a1c0d7dd-f4ac-be47-83fe-976815ef66be}","version":"33.0.0","type":"extension","defaultLocale":{"name":"Firefox Screenshots","homepageURL":"https://screenshots.firefox.com/"},"visible":true,"active":false,"userDisabled":false,"appDisabled":false,"installDate":1535648403000,"updateDate":1535648403000,"applyBackgroundUpdates":1,"path":"/Applications/Firefox.app/Contents/Resources/browser/features/screenshots@mozilla.org.xpi","skinnable":false,"sourceURI":null,"releaseNotesURI":null,"softDisabled":false,"foreignInstall":false,"strictCompatibility":false,"locales":[],"targetApplications":[{"id":"{ec8030f7-c20a-464f-9b0e-13a3a9e97384}","minVersion":"57.0a1","maxVersion":"*"}],"targetPlatforms":[],"seen":true,"dependencies":[],"hasEmbeddedWebExtension":false,"userPermissions":null,"icons":{},"blocklistState":0,"blocklistURL":null,"startupData":null,"location":"app-system-defaults"}
1538364257987	addons.manager	DEBUG	Registering startup change 'installed' for webcompat-reporter@mozilla.org
1538364257988	addons.xpi	DEBUG	Loading bootstrap scope from /Applications/Firefox.app/Contents/Resources/browser/features/webcompat-reporter@mozilla.org.xpi
1538364257988	addons.xpi	DEBUG	Calling bootstrap method install on webcompat-reporter@mozilla.org version 1.0.0
1538364257988	addons.xpi-utils	DEBUG	Make addon app-system-defaults:webcompat-reporter@mozilla.org visible
1538364257989	addons.xpi	DEBUG	Updating XPIState for {"id":"webcompat-reporter@mozilla.org","syncGUID":"{634aeba7-91c5-5f4a-8d6c-a9831da86f12}","version":"1.0.0","type":"extension","defaultLocale":{"name":"WebCompat Reporter","description":"Report site compatibility issues on webcompat.com."},"visible":true,"active":false,"userDisabled":false,"appDisabled":false,"installDate":1538274561000,"updateDate":1538274561000,"applyBackgroundUpdates":1,"path":"/Applications/Firefox.app/Contents/Resources/browser/features/webcompat-reporter@mozilla.org.xpi","skinnable":false,"sourceURI":null,"releaseNotesURI":null,"softDisabled":false,"foreignInstall":false,"strictCompatibility":false,"locales":[],"targetApplications":[{"id":"{ec8030f7-c20a-464f-9b0e-13a3a9e97384}","minVersion":"62.0.2","maxVersion":"62.*"}],"targetPlatforms":[],"seen":true,"dependencies":[],"hasEmbeddedWebExtension":false,"userPermissions":null,"icons":{},"blocklistState":0,"blocklistURL":null,"startupData":null,"location":"app-system-defaults"}
1538364257989	addons.manager	DEBUG	Registering startup change 'installed' for webcompat@mozilla.org
1538364257989	addons.xpi	DEBUG	Loading bootstrap scope from /Applications/Firefox.app/Contents/Resources/browser/features/webcompat@mozilla.org.xpi
1538364257990	addons.xpi	DEBUG	Calling bootstrap method install on webcompat@mozilla.org version 2.0
1538364257990	addons.xpi-utils	DEBUG	Make addon app-system-defaults:webcompat@mozilla.org visible
1538364257990	addons.xpi	DEBUG	Updating XPIState for {"id":"webcompat@mozilla.org","syncGUID":"{0d0da4ee-9d56-2d4a-bec5-4ad06046bf98}","version":"2.0","type":"extension","defaultLocale":{"name":"Web Compat","description":"Urgent post-release fixes for web compatibility."},"visible":true,"active":false,"userDisabled":false,"appDisabled":false,"installDate":1538274561000,"updateDate":1538274561000,"applyBackgroundUpdates":1,"path":"/Applications/Firefox.app/Contents/Resources/browser/features/webcompat@mozilla.org.xpi","skinnable":false,"sourceURI":null,"releaseNotesURI":null,"softDisabled":false,"foreignInstall":false,"strictCompatibility":false,"locales":[],"targetApplications":[{"id":"{ec8030f7-c20a-464f-9b0e-13a3a9e97384}","minVersion":"62.0.2","maxVersion":"62.*"},{"id":"{aa3c5121-dab2-40e2-81ca-7ea25febc110}","minVersion":"62.0.2","maxVersion":"62.*"}],"targetPlatforms":[],"seen":true,"dependencies":[],"hasEmbeddedWebExtension":true,"userPermissions":null,"icons":{},"blocklistState":0,"blocklistURL":null,"startupData":null,"location":"app-system-defaults"}
1538364257990	addons.xpi	DEBUG	Updating XPIState for {"id":"activity-stream@mozilla.org","syncGUID":"{66327b59-9acc-024d-9c3f-56d2220b72f7}","version":"2018.08.22.1219-93becf29","type":"extension","defaultLocale":{"name":"Activity Stream","description":"A rich visual history feed and a reimagined home page make it easier than ever to find exactly what you're looking for in Firefox."},"visible":true,"active":true,"userDisabled":false,"appDisabled":false,"installDate":1538274561000,"updateDate":1538274561000,"applyBackgroundUpdates":1,"path":"/Applications/Firefox.app/Contents/Resources/browser/features/activity-stream@mozilla.org.xpi","skinnable":false,"sourceURI":null,"releaseNotesURI":null,"softDisabled":false,"foreignInstall":false,"strictCompatibility":false,"locales":[],"targetApplications":[{"id":"{ec8030f7-c20a-464f-9b0e-13a3a9e97384}","minVersion":"62.0.2","maxVersion":"62.*"}],"targetPlatforms":[],"seen":true,"dependencies":[],"hasEmbeddedWebExtension":false,"userPermissions":null,"icons":{},"blocklistState":0,"blocklistURL":null,"startupData":null,"location":"app-system-defaults"}
1538364257990	addons.xpi	DEBUG	Updating XPIState for {"id":"aushelper@mozilla.org","syncGUID":"{ac83bd99-819a-be42-b0a7-a4bfae294b02}","version":"2.0","type":"extension","defaultLocale":{"name":"Application Update Service Helper","description":"Sets value(s) in the update url based on custom checks."},"visible":true,"active":true,"userDisabled":false,"appDisabled":false,"installDate":1538274561000,"updateDate":1538274561000,"applyBackgroundUpdates":1,"path":"/Applications/Firefox.app/Contents/Resources/browser/features/aushelper@mozilla.org.xpi","skinnable":false,"sourceURI":null,"releaseNotesURI":null,"softDisabled":false,"foreignInstall":false,"strictCompatibility":false,"locales":[],"targetApplications":[{"id":"{ec8030f7-c20a-464f-9b0e-13a3a9e97384}","minVersion":"62.0.2","maxVersion":"62.*"}],"targetPlatforms":[],"seen":true,"dependencies":[],"hasEmbeddedWebExtension":false,"userPermissions":null,"icons":{},"blocklistState":0,"blocklistURL":null,"startupData":null,"location":"app-system-defaults"}
1538364257991	addons.xpi	DEBUG	Updating XPIState for {"id":"firefox@getpocket.com","syncGUID":"{d8a71523-773b-ea46-8c16-a609da7a1f27}","version":"1.0.5","type":"extension","defaultLocale":{"name":"Pocket","description":"When you find something you want to view later, put it in Pocket."},"visible":true,"active":true,"userDisabled":false,"appDisabled":false,"installDate":1538274561000,"updateDate":1538274561000,"applyBackgroundUpdates":1,"path":"/Applications/Firefox.app/Contents/Resources/browser/features/firefox@getpocket.com.xpi","skinnable":false,"sourceURI":null,"releaseNotesURI":null,"softDisabled":false,"foreignInstall":false,"strictCompatibility":false,"locales":[],"targetApplications":[{"id":"{ec8030f7-c20a-464f-9b0e-13a3a9e97384}","minVersion":"62.0.2","maxVersion":"62.*"}],"targetPlatforms":[],"seen":true,"dependencies":[],"hasEmbeddedWebExtension":false,"userPermissions":null,"icons":{},"blocklistState":0,"blocklistURL":null,"startupData":null,"location":"app-system-defaults"}
1538364257991	addons.xpi	DEBUG	Updating XPIState for {"id":"formautofill@mozilla.org","syncGUID":"{22a270eb-3676-4242-8423-e5236164e276}","version":"1.0","type":"extension","defaultLocale":{"name":"Form Autofill","description":"Autofill forms with saved profiles"},"visible":true,"active":true,"userDisabled":false,"appDisabled":false,"installDate":1538274561000,"updateDate":1538274561000,"applyBackgroundUpdates":1,"path":"/Applications/Firefox.app/Contents/Resources/browser/features/formautofill@mozilla.org.xpi","skinnable":false,"sourceURI":null,"releaseNotesURI":null,"softDisabled":false,"foreignInstall":false,"strictCompatibility":false,"locales":[],"targetApplications":[{"id":"{ec8030f7-c20a-464f-9b0e-13a3a9e97384}","minVersion":"62.0.2","maxVersion":"62.*"}],"targetPlatforms":[],"seen":true,"dependencies":[],"hasEmbeddedWebExtension":false,"userPermissions":null,"icons":{},"blocklistState":0,"blocklistURL":null,"startupData":null,"location":"app-system-defaults"}
1538364257991	addons.xpi	DEBUG	Updating XPIState for {"id":"onboarding@mozilla.org","syncGUID":"{122c6d33-56e2-184d-ada8-0881e4c5aacd}","version":"1.0","type":"extension","defaultLocale":{"name":"Photon onboarding","description":"Photon onboarding"},"visible":true,"active":true,"userDisabled":false,"appDisabled":false,"installDate":1538274561000,"updateDate":1538274561000,"applyBackgroundUpdates":1,"path":"/Applications/Firefox.app/Contents/Resources/browser/features/onboarding@mozilla.org.xpi","skinnable":false,"sourceURI":null,"releaseNotesURI":null,"softDisabled":false,"foreignInstall":false,"strictCompatibility":false,"locales":[],"targetApplications":[{"id":"{ec8030f7-c20a-464f-9b0e-13a3a9e97384}","minVersion":"62.0.2","maxVersion":"62.*"}],"targetPlatforms":[],"seen":true,"dependencies":[],"hasEmbeddedWebExtension":false,"userPermissions":null,"icons":{},"blocklistState":0,"blocklistURL":null,"startupData":null,"location":"app-system-defaults"}
1538364257991	addons.xpi	DEBUG	Updating XPIState for {"id":"screenshots@mozilla.org","syncGUID":"{a1c0d7dd-f4ac-be47-83fe-976815ef66be}","version":"33.0.0","type":"extension","defaultLocale":{"name":"Firefox Screenshots","homepageURL":"https://screenshots.firefox.com/"},"visible":true,"active":true,"userDisabled":false,"appDisabled":false,"installDate":1535648403000,"updateDate":1535648403000,"applyBackgroundUpdates":1,"path":"/Applications/Firefox.app/Contents/Resources/browser/features/screenshots@mozilla.org.xpi","skinnable":false,"sourceURI":null,"releaseNotesURI":null,"softDisabled":false,"foreignInstall":false,"strictCompatibility":false,"locales":[],"targetApplications":[{"id":"{ec8030f7-c20a-464f-9b0e-13a3a9e97384}","minVersion":"57.0a1","maxVersion":"*"}],"targetPlatforms":[],"seen":true,"dependencies":[],"hasEmbeddedWebExtension":false,"userPermissions":null,"icons":{},"blocklistState":0,"blocklistURL":null,"startupData":null,"location":"app-system-defaults"}
1538364257991	addons.xpi	DEBUG	Updating XPIState for {"id":"webcompat-reporter@mozilla.org","syncGUID":"{634aeba7-91c5-5f4a-8d6c-a9831da86f12}","version":"1.0.0","type":"extension","defaultLocale":{"name":"WebCompat Reporter","description":"Report site compatibility issues on webcompat.com."},"visible":true,"active":true,"userDisabled":false,"appDisabled":false,"installDate":1538274561000,"updateDate":1538274561000,"applyBackgroundUpdates":1,"path":"/Applications/Firefox.app/Contents/Resources/browser/features/webcompat-reporter@mozilla.org.xpi","skinnable":false,"sourceURI":null,"releaseNotesURI":null,"softDisabled":false,"foreignInstall":false,"strictCompatibility":false,"locales":[],"targetApplications":[{"id":"{ec8030f7-c20a-464f-9b0e-13a3a9e97384}","minVersion":"62.0.2","maxVersion":"62.*"}],"targetPlatforms":[],"seen":true,"dependencies":[],"hasEmbeddedWebExtension":false,"userPermissions":null,"icons":{},"blocklistState":0,"blocklistURL":null,"startupData":null,"location":"app-system-defaults"}
1538364257991	addons.xpi	DEBUG	Updating XPIState for {"id":"webcompat@mozilla.org","syncGUID":"{0d0da4ee-9d56-2d4a-bec5-4ad06046bf98}","version":"2.0","type":"extension","defaultLocale":{"name":"Web Compat","description":"Urgent post-release fixes for web compatibility."},"visible":true,"active":true,"userDisabled":false,"appDisabled":false,"installDate":1538274561000,"updateDate":1538274561000,"applyBackgroundUpdates":1,"path":"/Applications/Firefox.app/Contents/Resources/browser/features/webcompat@mozilla.org.xpi","skinnable":false,"sourceURI":null,"releaseNotesURI":null,"softDisabled":false,"foreignInstall":false,"strictCompatibility":false,"locales":[],"targetApplications":[{"id":"{ec8030f7-c20a-464f-9b0e-13a3a9e97384}","minVersion":"62.0.2","maxVersion":"62.*"},{"id":"{aa3c5121-dab2-40e2-81ca-7ea25febc110}","minVersion":"62.0.2","maxVersion":"62.*"}],"targetPlatforms":[],"seen":true,"dependencies":[],"hasEmbeddedWebExtension":true,"userPermissions":null,"icons":{},"blocklistState":0,"blocklistURL":null,"startupData":null,"location":"app-system-defaults"}
1538364257991	addons.xpi-utils	DEBUG	Updating add-on states
1538364257994	addons.xpi	DEBUG	Registering manifest for /Applications/Firefox.app/Contents/Resources/browser/features/activity-stream@mozilla.org.xpi
1538364257995	addons.xpi	DEBUG	Calling bootstrap method startup on activity-stream@mozilla.org version 2018.08.22.1219-93becf29
1538364257996	addons.xpi	DEBUG	Registering manifest for /Applications/Firefox.app/Contents/Resources/browser/features/aushelper@mozilla.org.xpi
1538364257996	addons.xpi	DEBUG	Calling bootstrap method startup on aushelper@mozilla.org version 2.0
1538364257996	addons.xpi	DEBUG	Registering manifest for /Applications/Firefox.app/Contents/Resources/browser/features/firefox@getpocket.com.xpi
1538364257997	addons.xpi	DEBUG	Calling bootstrap method startup on firefox@getpocket.com version 1.0.5
1538364258001	addons.xpi	DEBUG	Registering manifest for /Applications/Firefox.app/Contents/Resources/browser/features/formautofill@mozilla.org.xpi
1538364258002	addons.xpi	DEBUG	Calling bootstrap method startup on formautofill@mozilla.org version 1.0
1538364258002	addons.xpi	DEBUG	Registering manifest for /Applications/Firefox.app/Contents/Resources/browser/features/onboarding@mozilla.org.xpi
1538364258002	addons.xpi	DEBUG	Calling bootstrap method startup on onboarding@mozilla.org version 1.0
1538364258003	addons.xpi	DEBUG	Registering manifest for /Applications/Firefox.app/Contents/Resources/browser/features/screenshots@mozilla.org.xpi
1538364258003	addons.xpi	DEBUG	Calling bootstrap method startup on screenshots@mozilla.org version 33.0.0
1538364258003	addons.xpi	DEBUG	Registering manifest for /Applications/Firefox.app/Contents/Resources/browser/features/webcompat-reporter@mozilla.org.xpi
1538364258003	addons.xpi	DEBUG	Calling bootstrap method startup on webcompat-reporter@mozilla.org version 1.0.0
1538364258003	addons.xpi	DEBUG	Registering manifest for /Applications/Firefox.app/Contents/Resources/browser/features/webcompat@mozilla.org.xpi
1538364258004	addons.xpi	DEBUG	Calling bootstrap method startup on webcompat@mozilla.org version 2.0
1538364258006	addons.manager	DEBUG	Registering shutdown blocker for XPIProvider
1538364258006	addons.manager	DEBUG	Provider finished startup: XPIProvider
1538364258006	addons.manager	DEBUG	Starting provider: LightweightThemeManager
1538364258006	addons.manager	DEBUG	Registering shutdown blocker for LightweightThemeManager
1538364258007	addons.manager	DEBUG	Provider finished startup: LightweightThemeManager
1538364258007	addons.manager	DEBUG	Starting provider: GMPProvider
1538364258008	addons.manager	DEBUG	Registering shutdown blocker for GMPProvider
1538364258008	addons.manager	DEBUG	Provider finished startup: GMPProvider
1538364258008	addons.manager	DEBUG	Starting provider: PluginProvider
1538364258008	addons.manager	DEBUG	Registering shutdown blocker for PluginProvider
1538364258009	addons.manager	DEBUG	Provider finished startup: PluginProvider
1538364258010	addons.manager	DEBUG	Completed startup sequence
1538364258288	addons.repository	DEBUG	No addons.json found.
2018-10-01 10:24:18.684 plugin-container[17960:10465889] *** CFMessagePort: bootstrap_register(): failed 1100 (0x44c) 'Permission denied', port = 0x954b, name = 'com.apple.tsm.portname'
See /usr/include/servers/bootstrap_defs.h for the error codes.
2018-10-01 10:24:18.685 plugin-container[17960:10465889] CFPasteboardRef CFPasteboardCreate(CFAllocatorRef, CFStringRef) : failed to create global data
2018-10-01 10:24:18.686 plugin-container[17960:10465889] CFPasteboardRef CFPasteboardCreate(CFAllocatorRef, CFStringRef) : failed to create global data
2018-10-01 10:24:18.686 plugin-container[17960:10465889] CFPasteboardRef CFPasteboardCreate(CFAllocatorRef, CFStringRef) : failed to create global data
2018-10-01 10:24:18.687 plugin-container[17960:10465889] CFPasteboardRef CFPasteboardCreate(CFAllocatorRef, CFStringRef) : failed to create global data
2018-10-01 10:24:18.688 plugin-container[17960:10465889] CFPasteboardRef CFPasteboardCreate(CFAllocatorRef, CFStringRef) : failed to create global data
2018-10-01 10:24:18.688 plugin-container[17960:10465889] CFPasteboardRef CFPasteboardCreate(CFAllocatorRef, CFStringRef) : failed to create global data
2018-10-01 10:24:18.689 plugin-container[17960:10465889] CFPasteboardRef CFPasteboardCreate(CFAllocatorRef, CFStringRef) : failed to create global data
2018-10-01 10:24:18.689 plugin-container[17960:10465889] CFPasteboardRef CFPasteboardCreate(CFAllocatorRef, CFStringRef) : failed to create global data
2018-10-01 10:24:18.690 plugin-container[17960:10465889] CFPasteboardRef CFPasteboardCreate(CFAllocatorRef, CFStringRef) : failed to create global data
2018-10-01 10:24:18.690 plugin-container[17960:10465889] CFPasteboardRef CFPasteboardCreate(CFAllocatorRef, CFStringRef) : failed to create global data
2018-10-01 10:24:18.690 plugin-container[17960:10465889] CFPasteboardRef CFPasteboardCreate(CFAllocatorRef, CFStringRef) : failed to create global data
2018-10-01 10:24:18.690 plugin-container[17960:10465889] CFPasteboardRef CFPasteboardCreate(CFAllocatorRef, CFStringRef) : failed to create global data
2018-10-01 10:24:18.691 plugin-container[17960:10465889] CFPasteboardRef CFPasteboardCreate(CFAllocatorRef, CFStringRef) : failed to create global data
2018-10-01 10:24:18.691 plugin-container[17960:10465889] CFPasteboardRef CFPasteboardCreate(CFAllocatorRef, CFStringRef) : failed to create global data
2018-10-01 10:24:18.691 plugin-container[17960:10465889] CFPasteboardRef CFPasteboardCreate(CFAllocatorRef, CFStringRef) : failed to create global data
2018-10-01 10:24:18.691 plugin-container[17960:10465889] CFPasteboardRef CFPasteboardCreate(CFAllocatorRef, CFStringRef) : failed to create global data
2018-10-01 10:24:18.692 plugin-container[17960:10465889] CFPasteboardRef CFPasteboardCreate(CFAllocatorRef, CFStringRef) : failed to create global data
2018-10-01 10:24:18.692 plugin-container[17960:10465889] CFPasteboardRef CFPasteboardCreate(CFAllocatorRef, CFStringRef) : failed to create global data
2018-10-01 10:24:18.692 plugin-container[17960:10465889] CFPasteboardRef CFPasteboardCreate(CFAllocatorRef, CFStringRef) : failed to create global data
2018-10-01 10:24:18.697 plugin-container[17960:10465889] CFPasteboardRef CFPasteboardCreate(CFAllocatorRef, CFStringRef) : failed to create global data
2018-10-01 10:24:18.973 plugin-container[17961:10465924] *** CFMessagePort: bootstrap_register(): failed 1100 (0x44c) 'Permission denied', port = 0x974b, name = 'com.apple.tsm.portname'
See /usr/include/servers/bootstrap_defs.h for the error codes.
2018-10-01 10:24:18.973 plugin-container[17961:10465924] CFPasteboardRef CFPasteboardCreate(CFAllocatorRef, CFStringRef) : failed to create global data
2018-10-01 10:24:18.974 plugin-container[17961:10465924] CFPasteboardRef CFPasteboardCreate(CFAllocatorRef, CFStringRef) : failed to create global data
2018-10-01 10:24:18.974 plugin-container[17961:10465924] CFPasteboardRef CFPasteboardCreate(CFAllocatorRef, CFStringRef) : failed to create global data
2018-10-01 10:24:18.975 plugin-container[17961:10465924] CFPasteboardRef CFPasteboardCreate(CFAllocatorRef, CFStringRef) : failed to create global data
2018-10-01 10:24:18.975 plugin-container[17961:10465924] CFPasteboardRef CFPasteboardCreate(CFAllocatorRef, CFStringRef) : failed to create global data
2018-10-01 10:24:18.976 plugin-container[17961:10465924] CFPasteboardRef CFPasteboardCreate(CFAllocatorRef, CFStringRef) : failed to create global data
2018-10-01 10:24:18.976 plugin-container[17961:10465924] CFPasteboardRef CFPasteboardCreate(CFAllocatorRef, CFStringRef) : failed to create global data
2018-10-01 10:24:18.976 plugin-container[17961:10465924] CFPasteboardRef CFPasteboardCreate(CFAllocatorRef, CFStringRef) : failed to create global data
2018-10-01 10:24:18.976 plugin-container[17961:10465924] CFPasteboardRef CFPasteboardCreate(CFAllocatorRef, CFStringRef) : failed to create global data
2018-10-01 10:24:18.977 plugin-container[17961:10465924] CFPasteboardRef CFPasteboardCreate(CFAllocatorRef, CFStringRef) : failed to create global data
2018-10-01 10:24:18.977 plugin-container[17961:10465924] CFPasteboardRef CFPasteboardCreate(CFAllocatorRef, CFStringRef) : failed to create global data
2018-10-01 10:24:18.977 plugin-container[17961:10465924] CFPasteboardRef CFPasteboardCreate(CFAllocatorRef, CFStringRef) : failed to create global data
2018-10-01 10:24:18.977 plugin-container[17961:10465924] CFPasteboardRef CFPasteboardCreate(CFAllocatorRef, CFStringRef) : failed to create global data
2018-10-01 10:24:18.978 plugin-container[17961:10465924] CFPasteboardRef CFPasteboardCreate(CFAllocatorRef, CFStringRef) : failed to create global data
2018-10-01 10:24:18.978 plugin-container[17961:10465924] CFPasteboardRef CFPasteboardCreate(CFAllocatorRef, CFStringRef) : failed to create global data
2018-10-01 10:24:18.978 plugin-container[17961:10465924] CFPasteboardRef CFPasteboardCreate(CFAllocatorRef, CFStringRef) : failed to create global data
2018-10-01 10:24:18.978 plugin-container[17961:10465924] CFPasteboardRef CFPasteboardCreate(CFAllocatorRef, CFStringRef) : failed to create global data
2018-10-01 10:24:18.979 plugin-container[17961:10465924] CFPasteboardRef CFPasteboardCreate(CFAllocatorRef, CFStringRef) : failed to create global data
2018-10-01 10:24:18.979 plugin-container[17961:10465924] CFPasteboardRef CFPasteboardCreate(CFAllocatorRef, CFStringRef) : failed to create global data
2018-10-01 10:24:18.981 plugin-container[17961:10465924] CFPasteboardRef CFPasteboardCreate(CFAllocatorRef, CFStringRef) : failed to create global data
1538364259138	addons.xpi	DEBUG	Existing add-on activity-stream@mozilla.org in app-system-defaults
1538364259138	addons.xpi	DEBUG	Existing add-on aushelper@mozilla.org in app-system-defaults
1538364259138	addons.xpi	DEBUG	Existing add-on firefox@getpocket.com in app-system-defaults
1538364259138	addons.xpi	DEBUG	Existing add-on formautofill@mozilla.org in app-system-defaults
1538364259138	addons.xpi	DEBUG	Existing add-on onboarding@mozilla.org in app-system-defaults
1538364259138	addons.xpi	DEBUG	Existing add-on screenshots@mozilla.org in app-system-defaults
1538364259139	addons.xpi	DEBUG	Existing add-on webcompat-reporter@mozilla.org in app-system-defaults
1538364259139	addons.xpi	DEBUG	Existing add-on webcompat@mozilla.org in app-system-defaults
1538364259139	addons.xpi	DEBUG	scanForChanges changed: false, state: {}
1538364259308	Marionette	INFO	Listening on port 50499
1538364259413	Marionette	WARN	TLS certificate errors will be ignored for this session
1538364259465	Marionette	DEBUG	[4294967297] Frame script loaded
1538364259467	Marionette	DEBUG	[4294967297] Frame script registered
1538364259520	Marionette	DEBUG	[4294967297] Received DOM event beforeunload for about:blank
2018-10-01 10:24:19.800 plugin-container[17962:10466041] *** CFMessagePort: bootstrap_register(): failed 1100 (0x44c) 'Permission denied', port = 0x914b, name = 'com.apple.tsm.portname'
See /usr/include/servers/bootstrap_defs.h for the error codes.
2018-10-01 10:24:19.801 plugin-container[17962:10466041] CFPasteboardRef CFPasteboardCreate(CFAllocatorRef, CFStringRef) : failed to create global data
2018-10-01 10:24:19.802 plugin-container[17962:10466041] CFPasteboardRef CFPasteboardCreate(CFAllocatorRef, CFStringRef) : failed to create global data
2018-10-01 10:24:19.802 plugin-container[17962:10466041] CFPasteboardRef CFPasteboardCreate(CFAllocatorRef, CFStringRef) : failed to create global data
2018-10-01 10:24:19.803 plugin-container[17962:10466041] CFPasteboardRef CFPasteboardCreate(CFAllocatorRef, CFStringRef) : failed to create global data
2018-10-01 10:24:19.804 plugin-container[17962:10466041] CFPasteboardRef CFPasteboardCreate(CFAllocatorRef, CFStringRef) : failed to create global data
2018-10-01 10:24:19.805 plugin-container[17962:10466041] CFPasteboardRef CFPasteboardCreate(CFAllocatorRef, CFStringRef) : failed to create global data
2018-10-01 10:24:19.806 plugin-container[17962:10466041] CFPasteboardRef CFPasteboardCreate(CFAllocatorRef, CFStringRef) : failed to create global data
2018-10-01 10:24:19.806 plugin-container[17962:10466041] CFPasteboardRef CFPasteboardCreate(CFAllocatorRef, CFStringRef) : failed to create global data
2018-10-01 10:24:19.807 plugin-container[17962:10466041] CFPasteboardRef CFPasteboardCreate(CFAllocatorRef, CFStringRef) : failed to create global data
2018-10-01 10:24:19.807 plugin-container[17962:10466041] CFPasteboardRef CFPasteboardCreate(CFAllocatorRef, CFStringRef) : failed to create global data
2018-10-01 10:24:19.808 plugin-container[17962:10466041] CFPasteboardRef CFPasteboardCreate(CFAllocatorRef, CFStringRef) : failed to create global data
2018-10-01 10:24:19.808 plugin-container[17962:10466041] CFPasteboardRef CFPasteboardCreate(CFAllocatorRef, CFStringRef) : failed to create global data
2018-10-01 10:24:19.809 plugin-container[17962:10466041] CFPasteboardRef CFPasteboardCreate(CFAllocatorRef, CFStringRef) : failed to create global data
2018-10-01 10:24:19.809 plugin-container[17962:10466041] CFPasteboardRef CFPasteboardCreate(CFAllocatorRef, CFStringRef) : failed to create global data
2018-10-01 10:24:19.810 plugin-container[17962:10466041] CFPasteboardRef CFPasteboardCreate(CFAllocatorRef, CFStringRef) : failed to create global data
2018-10-01 10:24:19.810 plugin-container[17962:10466041] CFPasteboardRef CFPasteboardCreate(CFAllocatorRef, CFStringRef) : failed to create global data
2018-10-01 10:24:19.810 plugin-container[17962:10466041] CFPasteboardRef CFPasteboardCreate(CFAllocatorRef, CFStringRef) : failed to create global data
2018-10-01 10:24:19.810 plugin-container[17962:10466041] CFPasteboardRef CFPasteboardCreate(CFAllocatorRef, CFStringRef) : failed to create global data
2018-10-01 10:24:19.811 plugin-container[17962:10466041] CFPasteboardRef CFPasteboardCreate(CFAllocatorRef, CFStringRef) : failed to create global data
2018-10-01 10:24:19.813 plugin-container[17962:10466041] CFPasteboardRef CFPasteboardCreate(CFAllocatorRef, CFStringRef) : failed to create global data
1538364260620	Marionette	DEBUG	[4294967297] Received DOM event pagehide for about:blank
1538364261086	Marionette	DEBUG	[4294967297] Received DOM event DOMContentLoaded for http://localhost/home/
1538364261274	Marionette	DEBUG	[4294967297] Received DOM event pageshow for http://localhost/home/
1538364264910	Marionette	DEBUG	[4294967297] Received DOM event beforeunload for http://localhost/home/
1538364266479	Marionette	DEBUG	[4294967297] Received DOM event pagehide for http://localhost/home/
1538364266480	Marionette	DEBUG	[4294967297] Received DOM event unload for http://localhost/home/
1538364266689	Marionette	DEBUG	[4294967297] Received DOM event DOMContentLoaded for http://localhost/home/index.php?option=com_content&view=frontpage&Itemid=1
1538364266872	Marionette	DEBUG	[4294967297] Received DOM event pageshow for http://localhost/home/index.php?option=com_content&view=frontpage&Itemid=1
1538364267104	Marionette	DEBUG	[4294967297] Received DOM event beforeunload for http://localhost/home/index.php?option=com_content&view=frontpage&Itemid=1
1538364268020	Marionette	DEBUG	[4294967297] Received DOM event pagehide for http://localhost/home/index.php?option=com_content&view=frontpage&Itemid=1
1538364268021	Marionette	DEBUG	[4294967297] Received DOM event unload for http://localhost/home/index.php?option=com_content&view=frontpage&Itemid=1
1538364268330	Marionette	DEBUG	[4294967297] Received DOM event DOMContentLoaded for http://localhost/home/index2.php?option=com_salarial&view=official
1538364268384	Marionette	DEBUG	[4294967297] Received DOM event pageshow for http://localhost/home/index2.php?option=com_salarial&view=official
1538364268659	Marionette	DEBUG	[4294967297] Canceled page load listener because no navigation has been detected
1538364268675	Marionette	DEBUG	[4294967297] Received DOM event beforeunload for http://localhost/home/index2.php?option=com_salarial&view=official
1538364269203	Marionette	DEBUG	[4294967297] Received DOM event pagehide for http://localhost/home/index2.php?option=com_salarial&view=official
1538364269204	Marionette	DEBUG	[4294967297] Received DOM event unload for http://localhost/home/index2.php?option=com_salarial&view=official
1538364269288	Marionette	DEBUG	[4294967297] Received DOM event DOMContentLoaded for http://localhost/home/index2.php?option=com_salarial&view=official
1538364269300	Marionette	DEBUG	[4294967297] Received DOM event pageshow for http://localhost/home/index2.php?option=com_salarial&view=official
1538364269363	Marionette	DEBUG	[4294967297] Received DOM event beforeunload for http://localhost/home/index2.php?option=com_salarial&view=official
1538364269764	Marionette	DEBUG	[4294967297] Received DOM event pagehide for http://localhost/home/index2.php?option=com_salarial&view=official
1538364269765	Marionette	DEBUG	[4294967297] Received DOM event unload for http://localhost/home/index2.php?option=com_salarial&view=official
JavaScript warning: http://localhost/jscripts/jquery.js, line 2425: unreachable code after return statement
1538364269863	Marionette	DEBUG	[4294967297] Received DOM event DOMContentLoaded for http://localhost/home/index2.php?option=com_salarial&view=official&layout=list&ftype=1
1538364269867	Marionette	DEBUG	[4294967297] Received DOM event pageshow for http://localhost/home/index2.php?option=com_salarial&view=official&layout=list&ftype=1
1538364270213	Marionette	DEBUG	[4294967297] Canceled page load listener because no navigation has been detected
1538364270488	Marionette	DEBUG	[4294967297] Canceled page load listener because no navigation has been detected
1538364270769	Marionette	DEBUG	[4294967297] Canceled page load listener because no navigation has been detected
1538364271035	Marionette	DEBUG	[4294967297] Canceled page load listener because no navigation has been detected
1538364271306	Marionette	DEBUG	[4294967297] Canceled page load listener because no navigation has been detected
1538364271590	Marionette	DEBUG	[4294967297] Canceled page load listener because no navigation has been detected
1538364272406	Marionette	DEBUG	[4294967297] Canceled page load listener because no navigation has been detected
1538364272686	Marionette	DEBUG	[4294967297] Canceled page load listener because no navigation has been detected
1538364272962	Marionette	DEBUG	[4294967297] Canceled page load listener because no navigation has been detected
1538364273216	Marionette	DEBUG	[4294967297] Canceled page load listener because no navigation has been detected
1538364273461	Marionette	DEBUG	[4294967297] Canceled page load listener because no navigation has been detected
1538364274196	Marionette	DEBUG	[4294967297] Canceled page load listener because no navigation has been detected
1538364274558	Marionette	DEBUG	[4294967297] Canceled page load listener because no navigation has been detected
1538364274829	Marionette	DEBUG	[4294967297] Canceled page load listener because no navigation has been detected
1538364275131	Marionette	DEBUG	[4294967297] Canceled page load listener because no navigation has been detected
1538364275368	Marionette	DEBUG	[4294967297] Canceled page load listener because no navigation has been detected
1538364276147	Marionette	DEBUG	[4294967297] Canceled page load listener because no navigation has been detected
1538364276418	Marionette	DEBUG	[4294967297] Canceled page load listener because no navigation has been detected
1538364276705	Marionette	DEBUG	[4294967297] Canceled page load listener because no navigation has been detected
1538364276937	Marionette	DEBUG	[4294967297] Canceled page load listener because no navigation has been detected
1538364277170	Marionette	DEBUG	[4294967297] Canceled page load listener because no navigation has been detected
1538364277913	Marionette	DEBUG	[4294967297] Canceled page load listener because no navigation has been detected
1538364278206	Marionette	DEBUG	[4294967297] Canceled page load listener because no navigation has been detected
1538364278487	Marionette	DEBUG	[4294967297] Canceled page load listener because no navigation has been detected
1538364279147	addons.productaddons	INFO	Updates are disabled via media.gmp-manager.updateEnabled
1538364279209	Marionette	DEBUG	[4294967297] Canceled page load listener because no navigation has been detected
1538364279435	Marionette	DEBUG	[4294967297] Canceled page load listener because no navigation has been detected
1538364279664	Marionette	DEBUG	[4294967297] Canceled page load listener because no navigation has been detected
1538364279961	Marionette	DEBUG	[4294967297] Canceled page load listener because no navigation has been detected
1538364280225	Marionette	DEBUG	[4294967297] Canceled page load listener because no navigation has been detected
1538364280538	Marionette	DEBUG	[4294967297] Canceled page load listener because no navigation has been detected
1538364280787	Marionette	DEBUG	[4294967297] Canceled page load listener because no navigation has been detected
1538364281006	Marionette	DEBUG	[4294967297] Canceled page load listener because no navigation has been detected
1538364281225	Marionette	DEBUG	[4294967297] Canceled page load listener because no navigation has been detected
1538364281447	Marionette	DEBUG	[4294967297] Canceled page load listener because no navigation has been detected
1538364281665	Marionette	DEBUG	[4294967297] Canceled page load listener because no navigation has been detected
1538364281680	Marionette	DEBUG	[4294967297] Received DOM event beforeunload for http://localhost/home/index2.php?option=com_salarial&view=official&layout=list&ftype=1
1538364282019	Marionette	DEBUG	[4294967297] Received DOM event pagehide for http://localhost/home/index2.php?option=com_salarial&view=official&layout=list&ftype=1
1538364282020	Marionette	DEBUG	[4294967297] Received DOM event unload for http://localhost/home/index2.php?option=com_salarial&view=official&layout=list&ftype=1
1538364282113	Marionette	DEBUG	[4294967297] Received DOM event DOMContentLoaded for http://localhost/home/index2.php?option=com_salarial&view=official&ftype=1
1538364282124	Marionette	DEBUG	[4294967297] Received DOM event pageshow for http://localhost/home/index2.php?option=com_salarial&view=official&ftype=1
1538364282183	Marionette	DEBUG	[4294967297] Received DOM event beforeunload for http://localhost/home/index2.php?option=com_salarial&view=official&ftype=1
1538364283394	Marionette	DEBUG	[4294967297] Received DOM event pagehide for http://localhost/home/index2.php?option=com_salarial&view=official&ftype=1
1538364283397	Marionette	DEBUG	[4294967297] Received DOM event unload for http://localhost/home/index2.php?option=com_salarial&view=official&ftype=1
1538364283517	Marionette	DEBUG	[4294967297] Received DOM event DOMContentLoaded for http://localhost/home/index.php
1538364283557	Marionette	DEBUG	[4294967297] Received DOM event pageshow for http://localhost/home/index.php
1538364283628	Marionette	DEBUG	[4294967297] Received DOM event beforeunload for http://localhost/home/index.php
1538364284993	Marionette	DEBUG	[4294967297] Received DOM event pagehide for http://localhost/home/index.php
1538364284994	Marionette	DEBUG	[4294967297] Received DOM event unload for http://localhost/home/index.php
1538364285108	Marionette	DEBUG	[4294967297] Received DOM event DOMContentLoaded for http://localhost/home/index.php?option=com_content&view=frontpage&Itemid=1
1538364285149	Marionette	DEBUG	[4294967297] Received DOM event pageshow for http://localhost/home/index.php?option=com_content&view=frontpage&Itemid=1
1538364285214	Marionette	INFO	Stopped listening on port 50499
1538364285239	addons.xpi	DEBUG	Calling bootstrap method shutdown on webcompat@mozilla.org version 2.0
1538364285240	addons.xpi	DEBUG	Calling bootstrap method shutdown on webcompat-reporter@mozilla.org version 1.0.0
1538364285240	addons.xpi	DEBUG	Calling bootstrap method shutdown on screenshots@mozilla.org version 33.0.0
1538364285246	addons.xpi	DEBUG	Calling bootstrap method shutdown on onboarding@mozilla.org version 1.0
1538364285246	addons.xpi	DEBUG	Calling bootstrap method shutdown on formautofill@mozilla.org version 1.0
1538364285247	addons.xpi	DEBUG	Calling bootstrap method shutdown on firefox@getpocket.com version 1.0.5
1538364285248	addons.xpi	DEBUG	Calling bootstrap method shutdown on aushelper@mozilla.org version 2.0
1538364285248	addons.xpi	DEBUG	Calling bootstrap method shutdown on activity-stream@mozilla.org version 2018.08.22.1219-93becf29
1538364285353	addons.manager	DEBUG	shutdown
1538364285354	addons.manager	DEBUG	Calling shutdown blocker for XPIProvider
1538364285354	addons.xpi	DEBUG	shutdown
1538364285355	addons.xpi-utils	DEBUG	shutdown
1538364285355	addons.manager	DEBUG	Calling shutdown blocker for LightweightThemeManager
1538364285355	addons.manager	DEBUG	Calling shutdown blocker for GMPProvider
1538364285356	addons.manager	DEBUG	Calling shutdown blocker for PluginProvider
1538364285362	addons.manager	DEBUG	Async provider shutdown done
